{"/home/aclark/Documents/git-projects-only/express-jobly/app.js": {"path":"/home/aclark/Documents/git-projects-only/express-jobly/app.js","statementMap":{"0":{"start":{"line":5,"column":16},"end":{"line":5,"column":34}},"1":{"start":{"line":6,"column":13},"end":{"line":6,"column":28}},"2":{"start":{"line":8,"column":26},"end":{"line":8,"column":51}},"3":{"start":{"line":10,"column":28},"end":{"line":10,"column":56}},"4":{"start":{"line":11,"column":19},"end":{"line":11,"column":43}},"5":{"start":{"line":12,"column":24},"end":{"line":12,"column":53}},"6":{"start":{"line":13,"column":20},"end":{"line":13,"column":45}},"7":{"start":{"line":14,"column":19},"end":{"line":14,"column":43}},"8":{"start":{"line":16,"column":15},"end":{"line":16,"column":32}},"9":{"start":{"line":18,"column":12},"end":{"line":18,"column":21}},"10":{"start":{"line":20,"column":0},"end":{"line":20,"column":16}},"11":{"start":{"line":21,"column":0},"end":{"line":21,"column":24}},"12":{"start":{"line":22,"column":0},"end":{"line":22,"column":24}},"13":{"start":{"line":23,"column":0},"end":{"line":23,"column":25}},"14":{"start":{"line":25,"column":0},"end":{"line":25,"column":29}},"15":{"start":{"line":26,"column":0},"end":{"line":26,"column":39}},"16":{"start":{"line":27,"column":0},"end":{"line":27,"column":31}},"17":{"start":{"line":28,"column":0},"end":{"line":28,"column":29}},"18":{"start":{"line":31,"column":0},"end":{"line":33,"column":3}},"19":{"start":{"line":32,"column":2},"end":{"line":32,"column":35}},"20":{"start":{"line":36,"column":0},"end":{"line":44,"column":3}},"21":{"start":{"line":37,"column":2},"end":{"line":37,"column":64}},"22":{"start":{"line":37,"column":39},"end":{"line":37,"column":64}},"23":{"start":{"line":38,"column":17},"end":{"line":38,"column":34}},"24":{"start":{"line":39,"column":18},"end":{"line":39,"column":29}},"25":{"start":{"line":41,"column":2},"end":{"line":43,"column":5}},"26":{"start":{"line":46,"column":0},"end":{"line":46,"column":21}}},"fnMap":{"0":{"name":"(anonymous_0)","decl":{"start":{"line":31,"column":8},"end":{"line":31,"column":9}},"loc":{"start":{"line":31,"column":34},"end":{"line":33,"column":1}},"line":31},"1":{"name":"(anonymous_1)","decl":{"start":{"line":36,"column":8},"end":{"line":36,"column":9}},"loc":{"start":{"line":36,"column":39},"end":{"line":44,"column":1}},"line":36}},"branchMap":{"0":{"loc":{"start":{"line":37,"column":2},"end":{"line":37,"column":64}},"type":"if","locations":[{"start":{"line":37,"column":2},"end":{"line":37,"column":64}},{"start":{},"end":{}}],"line":37},"1":{"loc":{"start":{"line":38,"column":17},"end":{"line":38,"column":34}},"type":"binary-expr","locations":[{"start":{"line":38,"column":17},"end":{"line":38,"column":27}},{"start":{"line":38,"column":31},"end":{"line":38,"column":34}}],"line":38}},"s":{"0":5,"1":5,"2":5,"3":5,"4":5,"5":5,"6":5,"7":5,"8":5,"9":5,"10":5,"11":5,"12":5,"13":5,"14":5,"15":5,"16":5,"17":5,"18":5,"19":2,"20":5,"21":49,"22":1,"23":49,"24":49,"25":49,"26":5},"f":{"0":2,"1":49},"b":{"0":[1,48],"1":[49,3]},"_coverageSchema":"1a1c01bbd47fc00a2c39e90264f33305004495a9","hash":"1da16ba222419f914f4a77b6f616200a0e7cd873"}
,"/home/aclark/Documents/git-projects-only/express-jobly/config.js": {"path":"/home/aclark/Documents/git-projects-only/express-jobly/config.js","statementMap":{"0":{"start":{"line":5,"column":0},"end":{"line":5,"column":27}},"1":{"start":{"line":6,"column":0},"end":{"line":6,"column":18}},"2":{"start":{"line":8,"column":19},"end":{"line":8,"column":57}},"3":{"start":{"line":10,"column":13},"end":{"line":10,"column":38}},"4":{"start":{"line":14,"column":2},"end":{"line":16,"column":46}},"5":{"start":{"line":22,"column":27},"end":{"line":22,"column":67}},"6":{"start":{"line":24,"column":0},"end":{"line":24,"column":35}},"7":{"start":{"line":25,"column":0},"end":{"line":25,"column":46}},"8":{"start":{"line":26,"column":0},"end":{"line":26,"column":45}},"9":{"start":{"line":27,"column":0},"end":{"line":27,"column":61}},"10":{"start":{"line":28,"column":0},"end":{"line":28,"column":50}},"11":{"start":{"line":29,"column":0},"end":{"line":29,"column":19}},"12":{"start":{"line":31,"column":0},"end":{"line":36,"column":2}}},"fnMap":{"0":{"name":"getDatabaseUri","decl":{"start":{"line":13,"column":9},"end":{"line":13,"column":23}},"loc":{"start":{"line":13,"column":26},"end":{"line":17,"column":1}},"line":13}},"branchMap":{"0":{"loc":{"start":{"line":8,"column":19},"end":{"line":8,"column":57}},"type":"binary-expr","locations":[{"start":{"line":8,"column":19},"end":{"line":8,"column":41}},{"start":{"line":8,"column":45},"end":{"line":8,"column":57}}],"line":8},"1":{"loc":{"start":{"line":10,"column":13},"end":{"line":10,"column":38}},"type":"binary-expr","locations":[{"start":{"line":10,"column":13},"end":{"line":10,"column":30}},{"start":{"line":10,"column":34},"end":{"line":10,"column":38}}],"line":10},"2":{"loc":{"start":{"line":14,"column":9},"end":{"line":16,"column":45}},"type":"cond-expr","locations":[{"start":{"line":15,"column":9},"end":{"line":15,"column":54}},{"start":{"line":16,"column":9},"end":{"line":16,"column":44}}],"line":14},"3":{"loc":{"start":{"line":15,"column":9},"end":{"line":15,"column":54}},"type":"binary-expr","locations":[{"start":{"line":15,"column":9},"end":{"line":15,"column":38}},{"start":{"line":15,"column":42},"end":{"line":15,"column":54}}],"line":15},"4":{"loc":{"start":{"line":16,"column":9},"end":{"line":16,"column":44}},"type":"binary-expr","locations":[{"start":{"line":16,"column":9},"end":{"line":16,"column":33}},{"start":{"line":16,"column":37},"end":{"line":16,"column":44}}],"line":16},"5":{"loc":{"start":{"line":22,"column":27},"end":{"line":22,"column":67}},"type":"cond-expr","locations":[{"start":{"line":22,"column":61},"end":{"line":22,"column":62}},{"start":{"line":22,"column":65},"end":{"line":22,"column":67}}],"line":22}},"s":{"0":11,"1":11,"2":11,"3":11,"4":22,"5":11,"6":11,"7":11,"8":11,"9":11,"10":11,"11":11,"12":11},"f":{"0":22},"b":{"0":[11,10],"1":[11,10],"2":[19,3],"3":[19,0],"4":[3,1],"5":[10,1]},"_coverageSchema":"1a1c01bbd47fc00a2c39e90264f33305004495a9","hash":"7530bae6614262da2facf2743c3729077e41327f"}
,"/home/aclark/Documents/git-projects-only/express-jobly/db.js": {"path":"/home/aclark/Documents/git-projects-only/express-jobly/db.js","statementMap":{"0":{"start":{"line":3,"column":19},"end":{"line":3,"column":32}},"1":{"start":{"line":4,"column":27},"end":{"line":4,"column":46}},"2":{"start":{"line":8,"column":0},"end":{"line":19,"column":1}},"3":{"start":{"line":9,"column":2},"end":{"line":14,"column":5}},"4":{"start":{"line":16,"column":2},"end":{"line":18,"column":5}},"5":{"start":{"line":21,"column":0},"end":{"line":21,"column":13}},"6":{"start":{"line":23,"column":0},"end":{"line":23,"column":20}}},"fnMap":{},"branchMap":{"0":{"loc":{"start":{"line":8,"column":0},"end":{"line":19,"column":1}},"type":"if","locations":[{"start":{"line":8,"column":0},"end":{"line":19,"column":1}},{"start":{"line":15,"column":7},"end":{"line":19,"column":1}}],"line":8}},"s":{"0":8,"1":8,"2":8,"3":0,"4":8,"5":8,"6":8},"f":{},"b":{"0":[0,8]},"_coverageSchema":"1a1c01bbd47fc00a2c39e90264f33305004495a9","hash":"573d6bcf41000cbc6404e1e281ae8d2850ea31e4"}
,"/home/aclark/Documents/git-projects-only/express-jobly/expressError.js": {"path":"/home/aclark/Documents/git-projects-only/express-jobly/expressError.js","statementMap":{"0":{"start":{"line":9,"column":4},"end":{"line":9,"column":12}},"1":{"start":{"line":10,"column":4},"end":{"line":10,"column":27}},"2":{"start":{"line":11,"column":4},"end":{"line":11,"column":25}},"3":{"start":{"line":19,"column":4},"end":{"line":19,"column":24}},"4":{"start":{"line":27,"column":4},"end":{"line":27,"column":24}},"5":{"start":{"line":35,"column":4},"end":{"line":35,"column":24}},"6":{"start":{"line":43,"column":4},"end":{"line":43,"column":24}},"7":{"start":{"line":47,"column":0},"end":{"line":53,"column":2}}},"fnMap":{"0":{"name":"(anonymous_0)","decl":{"start":{"line":8,"column":2},"end":{"line":8,"column":3}},"loc":{"start":{"line":8,"column":31},"end":{"line":12,"column":3}},"line":8},"1":{"name":"(anonymous_1)","decl":{"start":{"line":18,"column":2},"end":{"line":18,"column":3}},"loc":{"start":{"line":18,"column":37},"end":{"line":20,"column":3}},"line":18},"2":{"name":"(anonymous_2)","decl":{"start":{"line":26,"column":2},"end":{"line":26,"column":3}},"loc":{"start":{"line":26,"column":40},"end":{"line":28,"column":3}},"line":26},"3":{"name":"(anonymous_3)","decl":{"start":{"line":34,"column":2},"end":{"line":34,"column":3}},"loc":{"start":{"line":34,"column":39},"end":{"line":36,"column":3}},"line":34},"4":{"name":"(anonymous_4)","decl":{"start":{"line":42,"column":2},"end":{"line":42,"column":3}},"loc":{"start":{"line":42,"column":39},"end":{"line":44,"column":3}},"line":42}},"branchMap":{"0":{"loc":{"start":{"line":18,"column":14},"end":{"line":18,"column":35}},"type":"default-arg","locations":[{"start":{"line":18,"column":24},"end":{"line":18,"column":35}}],"line":18},"1":{"loc":{"start":{"line":26,"column":14},"end":{"line":26,"column":38}},"type":"default-arg","locations":[{"start":{"line":26,"column":24},"end":{"line":26,"column":38}}],"line":26},"2":{"loc":{"start":{"line":34,"column":14},"end":{"line":34,"column":37}},"type":"default-arg","locations":[{"start":{"line":34,"column":24},"end":{"line":34,"column":37}}],"line":34},"3":{"loc":{"start":{"line":42,"column":14},"end":{"line":42,"column":37}},"type":"default-arg","locations":[{"start":{"line":42,"column":24},"end":{"line":42,"column":37}}],"line":42}},"s":{"0":64,"1":64,"2":64,"3":18,"4":21,"5":25,"6":0,"7":10},"f":{"0":64,"1":18,"2":21,"3":25,"4":0},"b":{"0":[2],"1":[5],"2":[0],"3":[0]},"_coverageSchema":"1a1c01bbd47fc00a2c39e90264f33305004495a9","hash":"bfe7bbc345d311aaf4c0db4fe061cf067b838ab3"}
,"/home/aclark/Documents/git-projects-only/express-jobly/helpers/sql.js": {"path":"/home/aclark/Documents/git-projects-only/express-jobly/helpers/sql.js","statementMap":{"0":{"start":{"line":1,"column":28},"end":{"line":1,"column":54}},"1":{"start":{"line":30,"column":15},"end":{"line":30,"column":40}},"2":{"start":{"line":31,"column":2},"end":{"line":31,"column":62}},"3":{"start":{"line":31,"column":25},"end":{"line":31,"column":62}},"4":{"start":{"line":34,"column":15},"end":{"line":36,"column":3}},"5":{"start":{"line":35,"column":6},"end":{"line":35,"column":52}},"6":{"start":{"line":38,"column":2},"end":{"line":41,"column":4}},"7":{"start":{"line":44,"column":0},"end":{"line":44,"column":41}}},"fnMap":{"0":{"name":"sqlForPartialUpdate","decl":{"start":{"line":29,"column":9},"end":{"line":29,"column":28}},"loc":{"start":{"line":29,"column":52},"end":{"line":42,"column":1}},"line":29},"1":{"name":"(anonymous_1)","decl":{"start":{"line":34,"column":24},"end":{"line":34,"column":25}},"loc":{"start":{"line":35,"column":6},"end":{"line":35,"column":52}},"line":35}},"branchMap":{"0":{"loc":{"start":{"line":31,"column":2},"end":{"line":31,"column":62}},"type":"if","locations":[{"start":{"line":31,"column":2},"end":{"line":31,"column":62}},{"start":{},"end":{}}],"line":31},"1":{"loc":{"start":{"line":35,"column":10},"end":{"line":35,"column":37}},"type":"binary-expr","locations":[{"start":{"line":35,"column":10},"end":{"line":35,"column":26}},{"start":{"line":35,"column":30},"end":{"line":35,"column":37}}],"line":35}},"s":{"0":9,"1":22,"2":22,"3":4,"4":18,"5":33,"6":18,"7":9},"f":{"0":22,"1":33},"b":{"0":[4,18],"1":[33,13]},"_coverageSchema":"1a1c01bbd47fc00a2c39e90264f33305004495a9","hash":"f1f630cc1cac78da4446f4bea580a7702d1a4fbf"}
,"/home/aclark/Documents/git-projects-only/express-jobly/helpers/tokens.js": {"path":"/home/aclark/Documents/git-projects-only/express-jobly/helpers/tokens.js","statementMap":{"0":{"start":{"line":1,"column":12},"end":{"line":1,"column":35}},"1":{"start":{"line":2,"column":23},"end":{"line":2,"column":43}},"2":{"start":{"line":7,"column":2},"end":{"line":8,"column":58}},"3":{"start":{"line":10,"column":16},"end":{"line":13,"column":3}},"4":{"start":{"line":15,"column":2},"end":{"line":15,"column":39}},"5":{"start":{"line":18,"column":0},"end":{"line":18,"column":33}}},"fnMap":{"0":{"name":"createToken","decl":{"start":{"line":6,"column":9},"end":{"line":6,"column":20}},"loc":{"start":{"line":6,"column":27},"end":{"line":16,"column":1}},"line":6}},"branchMap":{"0":{"loc":{"start":{"line":12,"column":13},"end":{"line":12,"column":34}},"type":"binary-expr","locations":[{"start":{"line":12,"column":13},"end":{"line":12,"column":25}},{"start":{"line":12,"column":29},"end":{"line":12,"column":34}}],"line":12}},"s":{"0":6,"1":6,"2":15,"3":15,"4":15,"5":6},"f":{"0":15},"b":{"0":[15,9]},"_coverageSchema":"1a1c01bbd47fc00a2c39e90264f33305004495a9","hash":"33b4a7fd7d14fac8205136bd78689f1af4ceceee"}
,"/home/aclark/Documents/git-projects-only/express-jobly/middleware/auth.js": {"path":"/home/aclark/Documents/git-projects-only/express-jobly/middleware/auth.js","statementMap":{"0":{"start":{"line":5,"column":12},"end":{"line":5,"column":35}},"1":{"start":{"line":6,"column":23},"end":{"line":6,"column":43}},"2":{"start":{"line":7,"column":30},"end":{"line":7,"column":56}},"3":{"start":{"line":19,"column":2},"end":{"line":28,"column":3}},"4":{"start":{"line":20,"column":23},"end":{"line":20,"column":63}},"5":{"start":{"line":21,"column":4},"end":{"line":24,"column":5}},"6":{"start":{"line":22,"column":20},"end":{"line":22,"column":64}},"7":{"start":{"line":23,"column":6},"end":{"line":23,"column":54}},"8":{"start":{"line":25,"column":4},"end":{"line":25,"column":18}},"9":{"start":{"line":27,"column":4},"end":{"line":27,"column":18}},"10":{"start":{"line":37,"column":2},"end":{"line":42,"column":3}},"11":{"start":{"line":38,"column":4},"end":{"line":38,"column":56}},"12":{"start":{"line":38,"column":26},"end":{"line":38,"column":56}},"13":{"start":{"line":39,"column":4},"end":{"line":39,"column":18}},"14":{"start":{"line":41,"column":4},"end":{"line":41,"column":21}},"15":{"start":{"line":50,"column":2},"end":{"line":57,"column":3}},"16":{"start":{"line":51,"column":4},"end":{"line":53,"column":5}},"17":{"start":{"line":52,"column":6},"end":{"line":52,"column":64}},"18":{"start":{"line":54,"column":4},"end":{"line":54,"column":18}},"19":{"start":{"line":56,"column":4},"end":{"line":56,"column":21}},"20":{"start":{"line":61,"column":2},"end":{"line":69,"column":3}},"21":{"start":{"line":62,"column":17},"end":{"line":62,"column":32}},"22":{"start":{"line":63,"column":4},"end":{"line":65,"column":5}},"23":{"start":{"line":64,"column":6},"end":{"line":64,"column":36}},"24":{"start":{"line":66,"column":4},"end":{"line":66,"column":18}},"25":{"start":{"line":68,"column":4},"end":{"line":68,"column":21}},"26":{"start":{"line":72,"column":0},"end":{"line":77,"column":2}}},"fnMap":{"0":{"name":"authenticateJWT","decl":{"start":{"line":18,"column":9},"end":{"line":18,"column":24}},"loc":{"start":{"line":18,"column":41},"end":{"line":29,"column":1}},"line":18},"1":{"name":"ensureLoggedIn","decl":{"start":{"line":36,"column":9},"end":{"line":36,"column":23}},"loc":{"start":{"line":36,"column":40},"end":{"line":43,"column":1}},"line":36},"2":{"name":"ensureAdmin","decl":{"start":{"line":49,"column":9},"end":{"line":49,"column":20}},"loc":{"start":{"line":49,"column":37},"end":{"line":58,"column":1}},"line":49},"3":{"name":"ensureCorrectUserOrAdmin","decl":{"start":{"line":60,"column":9},"end":{"line":60,"column":33}},"loc":{"start":{"line":60,"column":50},"end":{"line":70,"column":1}},"line":60}},"branchMap":{"0":{"loc":{"start":{"line":20,"column":23},"end":{"line":20,"column":63}},"type":"binary-expr","locations":[{"start":{"line":20,"column":23},"end":{"line":20,"column":34}},{"start":{"line":20,"column":38},"end":{"line":20,"column":63}}],"line":20},"1":{"loc":{"start":{"line":21,"column":4},"end":{"line":24,"column":5}},"type":"if","locations":[{"start":{"line":21,"column":4},"end":{"line":24,"column":5}},{"start":{},"end":{}}],"line":21},"2":{"loc":{"start":{"line":38,"column":4},"end":{"line":38,"column":56}},"type":"if","locations":[{"start":{"line":38,"column":4},"end":{"line":38,"column":56}},{"start":{},"end":{}}],"line":38},"3":{"loc":{"start":{"line":51,"column":4},"end":{"line":53,"column":5}},"type":"if","locations":[{"start":{"line":51,"column":4},"end":{"line":53,"column":5}},{"start":{},"end":{}}],"line":51},"4":{"loc":{"start":{"line":51,"column":8},"end":{"line":51,"column":60}},"type":"binary-expr","locations":[{"start":{"line":51,"column":8},"end":{"line":51,"column":24}},{"start":{"line":51,"column":28},"end":{"line":51,"column":60}}],"line":51},"5":{"loc":{"start":{"line":63,"column":4},"end":{"line":65,"column":5}},"type":"if","locations":[{"start":{"line":63,"column":4},"end":{"line":65,"column":5}},{"start":{},"end":{}}],"line":63},"6":{"loc":{"start":{"line":63,"column":10},"end":{"line":63,"column":73}},"type":"binary-expr","locations":[{"start":{"line":63,"column":10},"end":{"line":63,"column":14}},{"start":{"line":63,"column":19},"end":{"line":63,"column":31}},{"start":{"line":63,"column":35},"end":{"line":63,"column":72}}],"line":63}},"s":{"0":6,"1":6,"2":6,"3":80,"4":80,"5":80,"6":42,"7":42,"8":79,"9":1,"10":5,"11":5,"12":2,"13":3,"14":2,"15":35,"16":35,"17":12,"18":23,"19":12,"20":9,"21":9,"22":9,"23":3,"24":6,"25":3,"26":6},"f":{"0":80,"1":5,"2":35,"3":9},"b":{"0":[80,79],"1":[42,38],"2":[2,3],"3":[12,23],"4":[35,29],"5":[3,6],"6":[9,7,3]},"_coverageSchema":"1a1c01bbd47fc00a2c39e90264f33305004495a9","hash":"c9a912fa5f13704b1f398af1155baaf9d6b6ca58"}
,"/home/aclark/Documents/git-projects-only/express-jobly/models/_testCommon.js": {"path":"/home/aclark/Documents/git-projects-only/express-jobly/models/_testCommon.js","statementMap":{"0":{"start":{"line":1,"column":15},"end":{"line":1,"column":32}},"1":{"start":{"line":3,"column":11},"end":{"line":3,"column":30}},"2":{"start":{"line":4,"column":31},"end":{"line":4,"column":51}},"3":{"start":{"line":7,"column":2},"end":{"line":7,"column":37}},"4":{"start":{"line":9,"column":2},"end":{"line":9,"column":42}},"5":{"start":{"line":11,"column":2},"end":{"line":11,"column":38}},"6":{"start":{"line":13,"column":2},"end":{"line":17,"column":55}},"7":{"start":{"line":19,"column":2},"end":{"line":31,"column":7}},"8":{"start":{"line":33,"column":2},"end":{"line":37,"column":40}},"9":{"start":{"line":41,"column":2},"end":{"line":41,"column":26}},"10":{"start":{"line":45,"column":2},"end":{"line":45,"column":29}},"11":{"start":{"line":49,"column":2},"end":{"line":49,"column":17}},"12":{"start":{"line":53,"column":0},"end":{"line":58,"column":2}}},"fnMap":{"0":{"name":"commonBeforeAll","decl":{"start":{"line":6,"column":15},"end":{"line":6,"column":30}},"loc":{"start":{"line":6,"column":33},"end":{"line":38,"column":1}},"line":6},"1":{"name":"commonBeforeEach","decl":{"start":{"line":40,"column":15},"end":{"line":40,"column":31}},"loc":{"start":{"line":40,"column":34},"end":{"line":42,"column":1}},"line":40},"2":{"name":"commonAfterEach","decl":{"start":{"line":44,"column":15},"end":{"line":44,"column":30}},"loc":{"start":{"line":44,"column":33},"end":{"line":46,"column":1}},"line":44},"3":{"name":"commonAfterAll","decl":{"start":{"line":48,"column":15},"end":{"line":48,"column":29}},"loc":{"start":{"line":48,"column":32},"end":{"line":50,"column":1}},"line":48}},"branchMap":{},"s":{"0":3,"1":3,"2":3,"3":3,"4":3,"5":3,"6":3,"7":3,"8":3,"9":44,"10":44,"11":3,"12":3},"f":{"0":3,"1":44,"2":44,"3":3},"b":{},"_coverageSchema":"1a1c01bbd47fc00a2c39e90264f33305004495a9","hash":"b6330612e8510796d6a50f318c8954fc163a74b1"}
,"/home/aclark/Documents/git-projects-only/express-jobly/models/company.js": {"path":"/home/aclark/Documents/git-projects-only/express-jobly/models/company.js","statementMap":{"0":{"start":{"line":3,"column":11},"end":{"line":3,"column":27}},"1":{"start":{"line":4,"column":43},"end":{"line":4,"column":69}},"2":{"start":{"line":5,"column":32},"end":{"line":5,"column":57}},"3":{"start":{"line":20,"column":27},"end":{"line":24,"column":15}},"4":{"start":{"line":26,"column":4},"end":{"line":27,"column":64}},"5":{"start":{"line":27,"column":6},"end":{"line":27,"column":64}},"6":{"start":{"line":29,"column":19},"end":{"line":41,"column":5}},"7":{"start":{"line":42,"column":20},"end":{"line":42,"column":34}},"8":{"start":{"line":44,"column":4},"end":{"line":44,"column":19}},"9":{"start":{"line":63,"column":6},"end":{"line":68,"column":26}},"10":{"start":{"line":71,"column":21},"end":{"line":71,"column":23}},"11":{"start":{"line":74,"column":22},"end":{"line":74,"column":24}},"12":{"start":{"line":76,"column":49},"end":{"line":76,"column":56}},"13":{"start":{"line":79,"column":4},"end":{"line":84,"column":5}},"14":{"start":{"line":80,"column":6},"end":{"line":80,"column":37}},"15":{"start":{"line":83,"column":6},"end":{"line":83,"column":65}},"16":{"start":{"line":87,"column":4},"end":{"line":90,"column":5}},"17":{"start":{"line":88,"column":6},"end":{"line":88,"column":37}},"18":{"start":{"line":89,"column":6},"end":{"line":89,"column":65}},"19":{"start":{"line":93,"column":4},"end":{"line":96,"column":5}},"20":{"start":{"line":94,"column":6},"end":{"line":94,"column":50}},"21":{"start":{"line":95,"column":6},"end":{"line":95,"column":65}},"22":{"start":{"line":99,"column":4},"end":{"line":101,"column":5}},"23":{"start":{"line":100,"column":6},"end":{"line":100,"column":52}},"24":{"start":{"line":104,"column":4},"end":{"line":104,"column":30}},"25":{"start":{"line":107,"column":19},"end":{"line":107,"column":53}},"26":{"start":{"line":108,"column":4},"end":{"line":108,"column":23}},"27":{"start":{"line":120,"column":23},"end":{"line":128,"column":15}},"28":{"start":{"line":130,"column":20},"end":{"line":130,"column":38}},"29":{"start":{"line":132,"column":4},"end":{"line":132,"column":67}},"30":{"start":{"line":132,"column":18},"end":{"line":132,"column":67}},"31":{"start":{"line":134,"column":20},"end":{"line":139,"column":15}},"32":{"start":{"line":141,"column":4},"end":{"line":141,"column":32}},"33":{"start":{"line":142,"column":4},"end":{"line":142,"column":19}},"34":{"start":{"line":158,"column":32},"end":{"line":163,"column":8}},"35":{"start":{"line":164,"column":25},"end":{"line":164,"column":50}},"36":{"start":{"line":166,"column":21},"end":{"line":173,"column":54}},"37":{"start":{"line":174,"column":19},"end":{"line":174,"column":64}},"38":{"start":{"line":175,"column":20},"end":{"line":175,"column":34}},"39":{"start":{"line":177,"column":4},"end":{"line":177,"column":67}},"40":{"start":{"line":177,"column":18},"end":{"line":177,"column":67}},"41":{"start":{"line":179,"column":4},"end":{"line":179,"column":19}},"42":{"start":{"line":188,"column":19},"end":{"line":193,"column":15}},"43":{"start":{"line":194,"column":20},"end":{"line":194,"column":34}},"44":{"start":{"line":196,"column":4},"end":{"line":196,"column":67}},"45":{"start":{"line":196,"column":18},"end":{"line":196,"column":67}},"46":{"start":{"line":201,"column":0},"end":{"line":201,"column":25}}},"fnMap":{"0":{"name":"(anonymous_0)","decl":{"start":{"line":19,"column":2},"end":{"line":19,"column":3}},"loc":{"start":{"line":19,"column":76},"end":{"line":45,"column":3}},"line":19},"1":{"name":"(anonymous_1)","decl":{"start":{"line":61,"column":2},"end":{"line":61,"column":3}},"loc":{"start":{"line":61,"column":37},"end":{"line":109,"column":3}},"line":61},"2":{"name":"(anonymous_2)","decl":{"start":{"line":119,"column":2},"end":{"line":119,"column":3}},"loc":{"start":{"line":119,"column":27},"end":{"line":143,"column":3}},"line":119},"3":{"name":"(anonymous_3)","decl":{"start":{"line":157,"column":2},"end":{"line":157,"column":3}},"loc":{"start":{"line":157,"column":36},"end":{"line":180,"column":3}},"line":157},"4":{"name":"(anonymous_4)","decl":{"start":{"line":187,"column":2},"end":{"line":187,"column":3}},"loc":{"start":{"line":187,"column":30},"end":{"line":197,"column":3}},"line":187}},"branchMap":{"0":{"loc":{"start":{"line":26,"column":4},"end":{"line":27,"column":64}},"type":"if","locations":[{"start":{"line":26,"column":4},"end":{"line":27,"column":64}},{"start":{},"end":{}}],"line":26},"1":{"loc":{"start":{"line":61,"column":23},"end":{"line":61,"column":35}},"type":"default-arg","locations":[{"start":{"line":61,"column":33},"end":{"line":61,"column":35}}],"line":61},"2":{"loc":{"start":{"line":79,"column":4},"end":{"line":84,"column":5}},"type":"if","locations":[{"start":{"line":79,"column":4},"end":{"line":84,"column":5}},{"start":{},"end":{}}],"line":79},"3":{"loc":{"start":{"line":87,"column":4},"end":{"line":90,"column":5}},"type":"if","locations":[{"start":{"line":87,"column":4},"end":{"line":90,"column":5}},{"start":{},"end":{}}],"line":87},"4":{"loc":{"start":{"line":93,"column":4},"end":{"line":96,"column":5}},"type":"if","locations":[{"start":{"line":93,"column":4},"end":{"line":96,"column":5}},{"start":{},"end":{}}],"line":93},"5":{"loc":{"start":{"line":99,"column":4},"end":{"line":101,"column":5}},"type":"if","locations":[{"start":{"line":99,"column":4},"end":{"line":101,"column":5}},{"start":{},"end":{}}],"line":99},"6":{"loc":{"start":{"line":132,"column":4},"end":{"line":132,"column":67}},"type":"if","locations":[{"start":{"line":132,"column":4},"end":{"line":132,"column":67}},{"start":{},"end":{}}],"line":132},"7":{"loc":{"start":{"line":177,"column":4},"end":{"line":177,"column":67}},"type":"if","locations":[{"start":{"line":177,"column":4},"end":{"line":177,"column":67}},{"start":{},"end":{}}],"line":177},"8":{"loc":{"start":{"line":196,"column":4},"end":{"line":196,"column":67}},"type":"if","locations":[{"start":{"line":196,"column":4},"end":{"line":196,"column":67}},{"start":{},"end":{}}],"line":196}},"s":{"0":6,"1":6,"2":6,"3":16,"4":16,"5":1,"6":15,"7":15,"8":15,"9":12,"10":12,"11":12,"12":12,"13":12,"14":5,"15":5,"16":12,"17":4,"18":4,"19":12,"20":5,"21":5,"22":12,"23":9,"24":12,"25":12,"26":11,"27":5,"28":5,"29":5,"30":2,"31":3,"32":3,"33":3,"34":6,"35":5,"36":5,"37":5,"38":5,"39":5,"40":2,"41":3,"42":4,"43":4,"44":4,"45":2,"46":6},"f":{"0":16,"1":12,"2":5,"3":6,"4":4},"b":{"0":[1,15],"1":[1],"2":[5,7],"3":[4,8],"4":[5,7],"5":[9,3],"6":[2,3],"7":[2,3],"8":[2,2]},"_coverageSchema":"1a1c01bbd47fc00a2c39e90264f33305004495a9","hash":"4dbbfc88a1e4f8e972699b4d13c73f87b0e9b559"}
,"/home/aclark/Documents/git-projects-only/express-jobly/models/job.js": {"path":"/home/aclark/Documents/git-projects-only/express-jobly/models/job.js","statementMap":{"0":{"start":{"line":3,"column":11},"end":{"line":3,"column":27}},"1":{"start":{"line":4,"column":32},"end":{"line":4,"column":57}},"2":{"start":{"line":6,"column":43},"end":{"line":6,"column":69}},"3":{"start":{"line":18,"column":23},"end":{"line":23,"column":9}},"4":{"start":{"line":24,"column":8},"end":{"line":24,"column":30}},"5":{"start":{"line":39,"column":12},"end":{"line":44,"column":22}},"6":{"start":{"line":47,"column":25},"end":{"line":47,"column":27}},"7":{"start":{"line":50,"column":26},"end":{"line":50,"column":28}},"8":{"start":{"line":52,"column":48},"end":{"line":52,"column":55}},"9":{"start":{"line":55,"column":8},"end":{"line":60,"column":9}},"10":{"start":{"line":56,"column":12},"end":{"line":56,"column":40}},"11":{"start":{"line":59,"column":12},"end":{"line":59,"column":64}},"12":{"start":{"line":63,"column":8},"end":{"line":66,"column":9}},"13":{"start":{"line":64,"column":12},"end":{"line":64,"column":57}},"14":{"start":{"line":65,"column":12},"end":{"line":65,"column":72}},"15":{"start":{"line":68,"column":8},"end":{"line":70,"column":9}},"16":{"start":{"line":69,"column":12},"end":{"line":69,"column":49}},"17":{"start":{"line":73,"column":8},"end":{"line":75,"column":9}},"18":{"start":{"line":74,"column":12},"end":{"line":74,"column":58}},"19":{"start":{"line":78,"column":8},"end":{"line":78,"column":35}},"20":{"start":{"line":81,"column":23},"end":{"line":81,"column":57}},"21":{"start":{"line":82,"column":8},"end":{"line":82,"column":27}},"22":{"start":{"line":90,"column":8},"end":{"line":90,"column":74}},"23":{"start":{"line":90,"column":23},"end":{"line":90,"column":74}},"24":{"start":{"line":92,"column":23},"end":{"line":95,"column":26}},"25":{"start":{"line":97,"column":20},"end":{"line":97,"column":34}},"26":{"start":{"line":99,"column":8},"end":{"line":99,"column":59}},"27":{"start":{"line":99,"column":18},"end":{"line":99,"column":59}},"28":{"start":{"line":101,"column":8},"end":{"line":101,"column":19}},"29":{"start":{"line":111,"column":36},"end":{"line":117,"column":14}},"30":{"start":{"line":119,"column":25},"end":{"line":119,"column":50}},"31":{"start":{"line":122,"column":12},"end":{"line":129,"column":51}},"32":{"start":{"line":131,"column":23},"end":{"line":131,"column":64}},"33":{"start":{"line":132,"column":20},"end":{"line":132,"column":34}},"34":{"start":{"line":134,"column":8},"end":{"line":134,"column":59}},"35":{"start":{"line":134,"column":18},"end":{"line":134,"column":59}},"36":{"start":{"line":136,"column":8},"end":{"line":136,"column":19}},"37":{"start":{"line":145,"column":8},"end":{"line":145,"column":74}},"38":{"start":{"line":145,"column":23},"end":{"line":145,"column":74}},"39":{"start":{"line":147,"column":23},"end":{"line":153,"column":9}},"40":{"start":{"line":154,"column":20},"end":{"line":154,"column":34}},"41":{"start":{"line":156,"column":8},"end":{"line":156,"column":59}},"42":{"start":{"line":156,"column":18},"end":{"line":156,"column":59}},"43":{"start":{"line":162,"column":0},"end":{"line":162,"column":21}}},"fnMap":{"0":{"name":"(anonymous_0)","decl":{"start":{"line":17,"column":4},"end":{"line":17,"column":5}},"loc":{"start":{"line":17,"column":66},"end":{"line":25,"column":5}},"line":17},"1":{"name":"(anonymous_1)","decl":{"start":{"line":37,"column":4},"end":{"line":37,"column":5}},"loc":{"start":{"line":37,"column":39},"end":{"line":83,"column":5}},"line":37},"2":{"name":"(anonymous_2)","decl":{"start":{"line":89,"column":4},"end":{"line":89,"column":5}},"loc":{"start":{"line":89,"column":25},"end":{"line":102,"column":5}},"line":89},"3":{"name":"(anonymous_3)","decl":{"start":{"line":110,"column":4},"end":{"line":110,"column":5}},"loc":{"start":{"line":110,"column":34},"end":{"line":137,"column":5}},"line":110},"4":{"name":"(anonymous_4)","decl":{"start":{"line":144,"column":4},"end":{"line":144,"column":5}},"loc":{"start":{"line":144,"column":28},"end":{"line":157,"column":5}},"line":144}},"branchMap":{"0":{"loc":{"start":{"line":37,"column":25},"end":{"line":37,"column":37}},"type":"default-arg","locations":[{"start":{"line":37,"column":35},"end":{"line":37,"column":37}}],"line":37},"1":{"loc":{"start":{"line":55,"column":8},"end":{"line":60,"column":9}},"type":"if","locations":[{"start":{"line":55,"column":8},"end":{"line":60,"column":9}},{"start":{},"end":{}}],"line":55},"2":{"loc":{"start":{"line":63,"column":8},"end":{"line":66,"column":9}},"type":"if","locations":[{"start":{"line":63,"column":8},"end":{"line":66,"column":9}},{"start":{},"end":{}}],"line":63},"3":{"loc":{"start":{"line":68,"column":8},"end":{"line":70,"column":9}},"type":"if","locations":[{"start":{"line":68,"column":8},"end":{"line":70,"column":9}},{"start":{},"end":{}}],"line":68},"4":{"loc":{"start":{"line":73,"column":8},"end":{"line":75,"column":9}},"type":"if","locations":[{"start":{"line":73,"column":8},"end":{"line":75,"column":9}},{"start":{},"end":{}}],"line":73},"5":{"loc":{"start":{"line":90,"column":8},"end":{"line":90,"column":74}},"type":"if","locations":[{"start":{"line":90,"column":8},"end":{"line":90,"column":74}},{"start":{},"end":{}}],"line":90},"6":{"loc":{"start":{"line":99,"column":8},"end":{"line":99,"column":59}},"type":"if","locations":[{"start":{"line":99,"column":8},"end":{"line":99,"column":59}},{"start":{},"end":{}}],"line":99},"7":{"loc":{"start":{"line":134,"column":8},"end":{"line":134,"column":59}},"type":"if","locations":[{"start":{"line":134,"column":8},"end":{"line":134,"column":59}},{"start":{},"end":{}}],"line":134},"8":{"loc":{"start":{"line":145,"column":8},"end":{"line":145,"column":74}},"type":"if","locations":[{"start":{"line":145,"column":8},"end":{"line":145,"column":74}},{"start":{},"end":{}}],"line":145},"9":{"loc":{"start":{"line":156,"column":8},"end":{"line":156,"column":59}},"type":"if","locations":[{"start":{"line":156,"column":8},"end":{"line":156,"column":59}},{"start":{},"end":{}}],"line":156}},"s":{"0":6,"1":6,"2":6,"3":9,"4":9,"5":11,"6":11,"7":11,"8":11,"9":11,"10":3,"11":3,"12":11,"13":3,"14":3,"15":11,"16":3,"17":11,"18":8,"19":11,"20":11,"21":10,"22":4,"23":1,"24":3,"25":3,"26":3,"27":1,"28":2,"29":5,"30":4,"31":4,"32":4,"33":4,"34":4,"35":2,"36":2,"37":4,"38":1,"39":3,"40":3,"41":3,"42":1,"43":6},"f":{"0":9,"1":11,"2":4,"3":5,"4":4},"b":{"0":[1],"1":[3,8],"2":[3,8],"3":[3,8],"4":[8,3],"5":[1,3],"6":[1,2],"7":[2,2],"8":[1,3],"9":[1,2]},"_coverageSchema":"1a1c01bbd47fc00a2c39e90264f33305004495a9","hash":"5d679b680e41e72825ac117270c1951093dae2a8"}
,"/home/aclark/Documents/git-projects-only/express-jobly/models/user.js": {"path":"/home/aclark/Documents/git-projects-only/express-jobly/models/user.js","statementMap":{"0":{"start":{"line":3,"column":11},"end":{"line":3,"column":27}},"1":{"start":{"line":4,"column":15},"end":{"line":4,"column":32}},"2":{"start":{"line":5,"column":32},"end":{"line":5,"column":57}},"3":{"start":{"line":10,"column":4},"end":{"line":10,"column":30}},"4":{"start":{"line":12,"column":31},"end":{"line":12,"column":54}},"5":{"start":{"line":26,"column":19},"end":{"line":36,"column":5}},"6":{"start":{"line":38,"column":17},"end":{"line":38,"column":31}},"7":{"start":{"line":40,"column":4},"end":{"line":47,"column":5}},"8":{"start":{"line":42,"column":22},"end":{"line":42,"column":67}},"9":{"start":{"line":43,"column":6},"end":{"line":46,"column":7}},"10":{"start":{"line":44,"column":8},"end":{"line":44,"column":29}},"11":{"start":{"line":45,"column":8},"end":{"line":45,"column":20}},"12":{"start":{"line":49,"column":4},"end":{"line":49,"column":61}},"13":{"start":{"line":61,"column":27},"end":{"line":66,"column":5}},"14":{"start":{"line":68,"column":4},"end":{"line":70,"column":5}},"15":{"start":{"line":69,"column":6},"end":{"line":69,"column":67}},"16":{"start":{"line":72,"column":27},"end":{"line":72,"column":74}},"17":{"start":{"line":74,"column":19},"end":{"line":92,"column":5}},"18":{"start":{"line":94,"column":17},"end":{"line":94,"column":31}},"19":{"start":{"line":96,"column":4},"end":{"line":96,"column":16}},"20":{"start":{"line":105,"column":19},"end":{"line":113,"column":5}},"21":{"start":{"line":115,"column":4},"end":{"line":115,"column":23}},"22":{"start":{"line":127,"column":20},"end":{"line":136,"column":5}},"23":{"start":{"line":138,"column":17},"end":{"line":138,"column":32}},"24":{"start":{"line":140,"column":4},"end":{"line":140,"column":63}},"25":{"start":{"line":140,"column":15},"end":{"line":140,"column":63}},"26":{"start":{"line":142,"column":4},"end":{"line":142,"column":16}},"27":{"start":{"line":163,"column":4},"end":{"line":165,"column":5}},"28":{"start":{"line":164,"column":6},"end":{"line":164,"column":75}},"29":{"start":{"line":167,"column":32},"end":{"line":173,"column":10}},"30":{"start":{"line":174,"column":27},"end":{"line":174,"column":52}},"31":{"start":{"line":176,"column":21},"end":{"line":183,"column":54}},"32":{"start":{"line":184,"column":19},"end":{"line":184,"column":66}},"33":{"start":{"line":185,"column":17},"end":{"line":185,"column":31}},"34":{"start":{"line":187,"column":4},"end":{"line":187,"column":63}},"35":{"start":{"line":187,"column":15},"end":{"line":187,"column":63}},"36":{"start":{"line":189,"column":4},"end":{"line":189,"column":25}},"37":{"start":{"line":190,"column":4},"end":{"line":190,"column":16}},"38":{"start":{"line":196,"column":17},"end":{"line":202,"column":5}},"39":{"start":{"line":203,"column":17},"end":{"line":203,"column":31}},"40":{"start":{"line":205,"column":4},"end":{"line":205,"column":63}},"41":{"start":{"line":205,"column":15},"end":{"line":205,"column":63}},"42":{"start":{"line":210,"column":0},"end":{"line":210,"column":22}}},"fnMap":{"0":{"name":"(anonymous_0)","decl":{"start":{"line":24,"column":2},"end":{"line":24,"column":3}},"loc":{"start":{"line":24,"column":48},"end":{"line":50,"column":3}},"line":24},"1":{"name":"(anonymous_1)","decl":{"start":{"line":59,"column":2},"end":{"line":59,"column":3}},"loc":{"start":{"line":60,"column":67},"end":{"line":97,"column":3}},"line":60},"2":{"name":"(anonymous_2)","decl":{"start":{"line":104,"column":2},"end":{"line":104,"column":3}},"loc":{"start":{"line":104,"column":25},"end":{"line":116,"column":3}},"line":104},"3":{"name":"(anonymous_3)","decl":{"start":{"line":126,"column":2},"end":{"line":126,"column":3}},"loc":{"start":{"line":126,"column":29},"end":{"line":143,"column":3}},"line":126},"4":{"name":"(anonymous_4)","decl":{"start":{"line":162,"column":2},"end":{"line":162,"column":3}},"loc":{"start":{"line":162,"column":38},"end":{"line":191,"column":3}},"line":162},"5":{"name":"(anonymous_5)","decl":{"start":{"line":195,"column":2},"end":{"line":195,"column":3}},"loc":{"start":{"line":195,"column":32},"end":{"line":206,"column":3}},"line":195}},"branchMap":{"0":{"loc":{"start":{"line":40,"column":4},"end":{"line":47,"column":5}},"type":"if","locations":[{"start":{"line":40,"column":4},"end":{"line":47,"column":5}},{"start":{},"end":{}}],"line":40},"1":{"loc":{"start":{"line":43,"column":6},"end":{"line":46,"column":7}},"type":"if","locations":[{"start":{"line":43,"column":6},"end":{"line":46,"column":7}},{"start":{},"end":{}}],"line":43},"2":{"loc":{"start":{"line":68,"column":4},"end":{"line":70,"column":5}},"type":"if","locations":[{"start":{"line":68,"column":4},"end":{"line":70,"column":5}},{"start":{},"end":{}}],"line":68},"3":{"loc":{"start":{"line":140,"column":4},"end":{"line":140,"column":63}},"type":"if","locations":[{"start":{"line":140,"column":4},"end":{"line":140,"column":63}},{"start":{},"end":{}}],"line":140},"4":{"loc":{"start":{"line":163,"column":4},"end":{"line":165,"column":5}},"type":"if","locations":[{"start":{"line":163,"column":4},"end":{"line":165,"column":5}},{"start":{},"end":{}}],"line":163},"5":{"loc":{"start":{"line":187,"column":4},"end":{"line":187,"column":63}},"type":"if","locations":[{"start":{"line":187,"column":4},"end":{"line":187,"column":63}},{"start":{},"end":{}}],"line":187},"6":{"loc":{"start":{"line":205,"column":4},"end":{"line":205,"column":63}},"type":"if","locations":[{"start":{"line":205,"column":4},"end":{"line":205,"column":63}},{"start":{},"end":{}}],"line":205}},"s":{"0":6,"1":6,"2":6,"3":6,"4":6,"5":7,"6":7,"7":7,"8":4,"9":4,"10":3,"11":3,"12":4,"13":23,"14":23,"15":1,"16":22,"17":22,"18":22,"19":22,"20":3,"21":2,"22":4,"23":4,"24":4,"25":2,"26":2,"27":7,"28":2,"29":7,"30":6,"31":6,"32":6,"33":6,"34":6,"35":2,"36":4,"37":4,"38":4,"39":4,"40":4,"41":2,"42":6},"f":{"0":7,"1":23,"2":3,"3":4,"4":7,"5":4},"b":{"0":[4,3],"1":[3,1],"2":[1,22],"3":[2,2],"4":[2,5],"5":[2,4],"6":[2,2]},"_coverageSchema":"1a1c01bbd47fc00a2c39e90264f33305004495a9","hash":"aaa5ef9ba7bc3096ab19625244b583db219799c8"}
,"/home/aclark/Documents/git-projects-only/express-jobly/routes/_testCommon.js": {"path":"/home/aclark/Documents/git-projects-only/express-jobly/routes/_testCommon.js","statementMap":{"0":{"start":{"line":3,"column":11},"end":{"line":3,"column":30}},"1":{"start":{"line":4,"column":13},"end":{"line":4,"column":38}},"2":{"start":{"line":5,"column":16},"end":{"line":5,"column":44}},"3":{"start":{"line":6,"column":12},"end":{"line":6,"column":36}},"4":{"start":{"line":7,"column":24},"end":{"line":7,"column":52}},"5":{"start":{"line":16,"column":2},"end":{"line":16,"column":38}},"6":{"start":{"line":18,"column":2},"end":{"line":18,"column":42}},"7":{"start":{"line":19,"column":2},"end":{"line":19,"column":37}},"8":{"start":{"line":22,"column":2},"end":{"line":29,"column":7}},"9":{"start":{"line":30,"column":2},"end":{"line":37,"column":7}},"10":{"start":{"line":38,"column":2},"end":{"line":45,"column":7}},"11":{"start":{"line":48,"column":14},"end":{"line":53,"column":4}},"12":{"start":{"line":54,"column":2},"end":{"line":54,"column":17}},"13":{"start":{"line":57,"column":2},"end":{"line":64,"column":5}},"14":{"start":{"line":65,"column":2},"end":{"line":72,"column":5}},"15":{"start":{"line":73,"column":2},"end":{"line":80,"column":5}},"16":{"start":{"line":81,"column":2},"end":{"line":88,"column":5}},"17":{"start":{"line":91,"column":2},"end":{"line":91,"column":66}},"18":{"start":{"line":92,"column":2},"end":{"line":92,"column":69}},"19":{"start":{"line":96,"column":2},"end":{"line":96,"column":26}},"20":{"start":{"line":100,"column":2},"end":{"line":100,"column":29}},"21":{"start":{"line":104,"column":2},"end":{"line":104,"column":17}},"22":{"start":{"line":108,"column":0},"end":{"line":116,"column":2}},"23":{"start":{"line":113,"column":19},"end":{"line":113,"column":32}},"24":{"start":{"line":114,"column":20},"end":{"line":114,"column":34}},"25":{"start":{"line":115,"column":15},"end":{"line":115,"column":20}}},"fnMap":{"0":{"name":"commonBeforeAll","decl":{"start":{"line":13,"column":15},"end":{"line":13,"column":30}},"loc":{"start":{"line":13,"column":33},"end":{"line":93,"column":1}},"line":13},"1":{"name":"commonBeforeEach","decl":{"start":{"line":95,"column":15},"end":{"line":95,"column":31}},"loc":{"start":{"line":95,"column":34},"end":{"line":97,"column":1}},"line":95},"2":{"name":"commonAfterEach","decl":{"start":{"line":99,"column":15},"end":{"line":99,"column":30}},"loc":{"start":{"line":99,"column":33},"end":{"line":101,"column":1}},"line":99},"3":{"name":"commonAfterAll","decl":{"start":{"line":103,"column":15},"end":{"line":103,"column":29}},"loc":{"start":{"line":103,"column":32},"end":{"line":105,"column":1}},"line":103},"4":{"name":"(anonymous_4)","decl":{"start":{"line":113,"column":13},"end":{"line":113,"column":14}},"loc":{"start":{"line":113,"column":19},"end":{"line":113,"column":32}},"line":113},"5":{"name":"(anonymous_5)","decl":{"start":{"line":114,"column":14},"end":{"line":114,"column":15}},"loc":{"start":{"line":114,"column":20},"end":{"line":114,"column":34}},"line":114},"6":{"name":"(anonymous_6)","decl":{"start":{"line":115,"column":9},"end":{"line":115,"column":10}},"loc":{"start":{"line":115,"column":15},"end":{"line":115,"column":20}},"line":115}},"branchMap":{},"s":{"0":4,"1":4,"2":4,"3":4,"4":4,"5":4,"6":4,"7":4,"8":4,"9":4,"10":4,"11":4,"12":4,"13":4,"14":4,"15":4,"16":4,"17":4,"18":4,"19":75,"20":75,"21":4,"22":4,"23":13,"24":27,"25":9},"f":{"0":4,"1":75,"2":75,"3":4,"4":13,"5":27,"6":9},"b":{},"_coverageSchema":"1a1c01bbd47fc00a2c39e90264f33305004495a9","hash":"74cabe54a5e238ee87d1f56400c058bd029657f5"}
,"/home/aclark/Documents/git-projects-only/express-jobly/routes/auth.js": {"path":"/home/aclark/Documents/git-projects-only/express-jobly/routes/auth.js","statementMap":{"0":{"start":{"line":5,"column":19},"end":{"line":5,"column":40}},"1":{"start":{"line":7,"column":13},"end":{"line":7,"column":38}},"2":{"start":{"line":8,"column":16},"end":{"line":8,"column":34}},"3":{"start":{"line":9,"column":15},"end":{"line":9,"column":35}},"4":{"start":{"line":10,"column":24},"end":{"line":10,"column":52}},"5":{"start":{"line":11,"column":23},"end":{"line":11,"column":58}},"6":{"start":{"line":12,"column":27},"end":{"line":12,"column":66}},"7":{"start":{"line":13,"column":28},"end":{"line":13,"column":54}},"8":{"start":{"line":22,"column":0},"end":{"line":37,"column":3}},"9":{"start":{"line":23,"column":2},"end":{"line":36,"column":3}},"10":{"start":{"line":24,"column":22},"end":{"line":24,"column":67}},"11":{"start":{"line":25,"column":4},"end":{"line":28,"column":5}},"12":{"start":{"line":26,"column":19},"end":{"line":26,"column":53}},"13":{"start":{"line":26,"column":45},"end":{"line":26,"column":52}},"14":{"start":{"line":27,"column":6},"end":{"line":27,"column":38}},"15":{"start":{"line":30,"column":35},"end":{"line":30,"column":43}},"16":{"start":{"line":31,"column":17},"end":{"line":31,"column":60}},"17":{"start":{"line":32,"column":18},"end":{"line":32,"column":35}},"18":{"start":{"line":33,"column":4},"end":{"line":33,"column":31}},"19":{"start":{"line":35,"column":4},"end":{"line":35,"column":21}},"20":{"start":{"line":49,"column":0},"end":{"line":63,"column":3}},"21":{"start":{"line":50,"column":2},"end":{"line":62,"column":3}},"22":{"start":{"line":51,"column":22},"end":{"line":51,"column":71}},"23":{"start":{"line":52,"column":4},"end":{"line":55,"column":5}},"24":{"start":{"line":53,"column":19},"end":{"line":53,"column":53}},"25":{"start":{"line":53,"column":45},"end":{"line":53,"column":52}},"26":{"start":{"line":54,"column":6},"end":{"line":54,"column":38}},"27":{"start":{"line":57,"column":20},"end":{"line":57,"column":72}},"28":{"start":{"line":58,"column":18},"end":{"line":58,"column":38}},"29":{"start":{"line":59,"column":4},"end":{"line":59,"column":43}},"30":{"start":{"line":61,"column":4},"end":{"line":61,"column":21}},"31":{"start":{"line":66,"column":0},"end":{"line":66,"column":24}}},"fnMap":{"0":{"name":"(anonymous_0)","decl":{"start":{"line":22,"column":22},"end":{"line":22,"column":23}},"loc":{"start":{"line":22,"column":54},"end":{"line":37,"column":1}},"line":22},"1":{"name":"(anonymous_1)","decl":{"start":{"line":26,"column":40},"end":{"line":26,"column":41}},"loc":{"start":{"line":26,"column":45},"end":{"line":26,"column":52}},"line":26},"2":{"name":"(anonymous_2)","decl":{"start":{"line":49,"column":25},"end":{"line":49,"column":26}},"loc":{"start":{"line":49,"column":57},"end":{"line":63,"column":1}},"line":49},"3":{"name":"(anonymous_3)","decl":{"start":{"line":53,"column":40},"end":{"line":53,"column":41}},"loc":{"start":{"line":53,"column":45},"end":{"line":53,"column":52}},"line":53}},"branchMap":{"0":{"loc":{"start":{"line":25,"column":4},"end":{"line":28,"column":5}},"type":"if","locations":[{"start":{"line":25,"column":4},"end":{"line":28,"column":5}},{"start":{},"end":{}}],"line":25},"1":{"loc":{"start":{"line":52,"column":4},"end":{"line":55,"column":5}},"type":"if","locations":[{"start":{"line":52,"column":4},"end":{"line":55,"column":5}},{"start":{},"end":{}}],"line":52}},"s":{"0":5,"1":5,"2":5,"3":5,"4":5,"5":5,"6":5,"7":5,"8":5,"9":5,"10":5,"11":5,"12":2,"13":2,"14":2,"15":3,"16":3,"17":1,"18":1,"19":4,"20":5,"21":3,"22":3,"23":3,"24":2,"25":5,"26":2,"27":1,"28":1,"29":1,"30":2,"31":5},"f":{"0":5,"1":2,"2":3,"3":5},"b":{"0":[2,3],"1":[2,1]},"_coverageSchema":"1a1c01bbd47fc00a2c39e90264f33305004495a9","hash":"34b8586153171b7b0ac8baa1e65a8ce2591c7edf"}
,"/home/aclark/Documents/git-projects-only/express-jobly/routes/companies.js": {"path":"/home/aclark/Documents/git-projects-only/express-jobly/routes/companies.js","statementMap":{"0":{"start":{"line":5,"column":19},"end":{"line":5,"column":40}},"1":{"start":{"line":6,"column":16},"end":{"line":6,"column":34}},"2":{"start":{"line":8,"column":28},"end":{"line":8,"column":54}},"3":{"start":{"line":10,"column":16},"end":{"line":10,"column":44}},"4":{"start":{"line":12,"column":67},"end":{"line":12,"column":99}},"5":{"start":{"line":14,"column":25},"end":{"line":14,"column":62}},"6":{"start":{"line":15,"column":28},"end":{"line":15,"column":68}},"7":{"start":{"line":17,"column":15},"end":{"line":17,"column":35}},"8":{"start":{"line":29,"column":0},"end":{"line":42,"column":3}},"9":{"start":{"line":30,"column":2},"end":{"line":41,"column":3}},"10":{"start":{"line":31,"column":22},"end":{"line":31,"column":69}},"11":{"start":{"line":32,"column":4},"end":{"line":35,"column":5}},"12":{"start":{"line":33,"column":19},"end":{"line":33,"column":53}},"13":{"start":{"line":33,"column":45},"end":{"line":33,"column":52}},"14":{"start":{"line":34,"column":6},"end":{"line":34,"column":38}},"15":{"start":{"line":37,"column":20},"end":{"line":37,"column":50}},"16":{"start":{"line":38,"column":4},"end":{"line":38,"column":45}},"17":{"start":{"line":40,"column":4},"end":{"line":40,"column":21}},"18":{"start":{"line":62,"column":0},"end":{"line":97,"column":3}},"19":{"start":{"line":63,"column":2},"end":{"line":96,"column":3}},"20":{"start":{"line":64,"column":14},"end":{"line":64,"column":23}},"21":{"start":{"line":67,"column":27},"end":{"line":67,"column":71}},"22":{"start":{"line":70,"column":4},"end":{"line":74,"column":5}},"23":{"start":{"line":71,"column":6},"end":{"line":73,"column":7}},"24":{"start":{"line":72,"column":8},"end":{"line":72,"column":60}},"25":{"start":{"line":77,"column":4},"end":{"line":77,"column":71}},"26":{"start":{"line":77,"column":38},"end":{"line":77,"column":71}},"27":{"start":{"line":78,"column":4},"end":{"line":78,"column":71}},"28":{"start":{"line":78,"column":38},"end":{"line":78,"column":71}},"29":{"start":{"line":81,"column":4},"end":{"line":84,"column":5}},"30":{"start":{"line":82,"column":6},"end":{"line":82,"column":26}},"31":{"start":{"line":83,"column":6},"end":{"line":83,"column":24}},"32":{"start":{"line":86,"column":4},"end":{"line":90,"column":5}},"33":{"start":{"line":87,"column":6},"end":{"line":89,"column":7}},"34":{"start":{"line":88,"column":8},"end":{"line":88,"column":86}},"35":{"start":{"line":92,"column":22},"end":{"line":92,"column":46}},"36":{"start":{"line":93,"column":4},"end":{"line":93,"column":35}},"37":{"start":{"line":95,"column":4},"end":{"line":95,"column":21}},"38":{"start":{"line":107,"column":0},"end":{"line":114,"column":3}},"39":{"start":{"line":108,"column":2},"end":{"line":113,"column":3}},"40":{"start":{"line":109,"column":20},"end":{"line":109,"column":56}},"41":{"start":{"line":110,"column":4},"end":{"line":110,"column":33}},"42":{"start":{"line":112,"column":4},"end":{"line":112,"column":21}},"43":{"start":{"line":127,"column":0},"end":{"line":140,"column":3}},"44":{"start":{"line":128,"column":2},"end":{"line":139,"column":3}},"45":{"start":{"line":129,"column":22},"end":{"line":129,"column":72}},"46":{"start":{"line":130,"column":4},"end":{"line":133,"column":5}},"47":{"start":{"line":131,"column":19},"end":{"line":131,"column":53}},"48":{"start":{"line":131,"column":45},"end":{"line":131,"column":52}},"49":{"start":{"line":132,"column":6},"end":{"line":132,"column":38}},"50":{"start":{"line":135,"column":20},"end":{"line":135,"column":69}},"51":{"start":{"line":136,"column":4},"end":{"line":136,"column":33}},"52":{"start":{"line":138,"column":4},"end":{"line":138,"column":21}},"53":{"start":{"line":147,"column":0},"end":{"line":154,"column":3}},"54":{"start":{"line":148,"column":2},"end":{"line":153,"column":3}},"55":{"start":{"line":149,"column":4},"end":{"line":149,"column":44}},"56":{"start":{"line":150,"column":4},"end":{"line":150,"column":52}},"57":{"start":{"line":152,"column":4},"end":{"line":152,"column":21}},"58":{"start":{"line":157,"column":0},"end":{"line":157,"column":24}}},"fnMap":{"0":{"name":"(anonymous_0)","decl":{"start":{"line":29,"column":30},"end":{"line":29,"column":31}},"loc":{"start":{"line":29,"column":62},"end":{"line":42,"column":1}},"line":29},"1":{"name":"(anonymous_1)","decl":{"start":{"line":33,"column":40},"end":{"line":33,"column":41}},"loc":{"start":{"line":33,"column":45},"end":{"line":33,"column":52}},"line":33},"2":{"name":"(anonymous_2)","decl":{"start":{"line":62,"column":16},"end":{"line":62,"column":17}},"loc":{"start":{"line":62,"column":48},"end":{"line":97,"column":1}},"line":62},"3":{"name":"(anonymous_3)","decl":{"start":{"line":107,"column":23},"end":{"line":107,"column":24}},"loc":{"start":{"line":107,"column":55},"end":{"line":114,"column":1}},"line":107},"4":{"name":"(anonymous_4)","decl":{"start":{"line":127,"column":38},"end":{"line":127,"column":39}},"loc":{"start":{"line":127,"column":70},"end":{"line":140,"column":1}},"line":127},"5":{"name":"(anonymous_5)","decl":{"start":{"line":131,"column":40},"end":{"line":131,"column":41}},"loc":{"start":{"line":131,"column":45},"end":{"line":131,"column":52}},"line":131},"6":{"name":"(anonymous_6)","decl":{"start":{"line":147,"column":39},"end":{"line":147,"column":40}},"loc":{"start":{"line":147,"column":71},"end":{"line":154,"column":1}},"line":147}},"branchMap":{"0":{"loc":{"start":{"line":32,"column":4},"end":{"line":35,"column":5}},"type":"if","locations":[{"start":{"line":32,"column":4},"end":{"line":35,"column":5}},{"start":{},"end":{}}],"line":32},"1":{"loc":{"start":{"line":71,"column":6},"end":{"line":73,"column":7}},"type":"if","locations":[{"start":{"line":71,"column":6},"end":{"line":73,"column":7}},{"start":{},"end":{}}],"line":71},"2":{"loc":{"start":{"line":77,"column":4},"end":{"line":77,"column":71}},"type":"if","locations":[{"start":{"line":77,"column":4},"end":{"line":77,"column":71}},{"start":{},"end":{}}],"line":77},"3":{"loc":{"start":{"line":78,"column":4},"end":{"line":78,"column":71}},"type":"if","locations":[{"start":{"line":78,"column":4},"end":{"line":78,"column":71}},{"start":{},"end":{}}],"line":78},"4":{"loc":{"start":{"line":81,"column":4},"end":{"line":84,"column":5}},"type":"if","locations":[{"start":{"line":81,"column":4},"end":{"line":84,"column":5}},{"start":{},"end":{}}],"line":81},"5":{"loc":{"start":{"line":86,"column":4},"end":{"line":90,"column":5}},"type":"if","locations":[{"start":{"line":86,"column":4},"end":{"line":90,"column":5}},{"start":{},"end":{}}],"line":86},"6":{"loc":{"start":{"line":86,"column":8},"end":{"line":86,"column":68}},"type":"binary-expr","locations":[{"start":{"line":86,"column":8},"end":{"line":86,"column":36}},{"start":{"line":86,"column":40},"end":{"line":86,"column":68}}],"line":86},"7":{"loc":{"start":{"line":87,"column":6},"end":{"line":89,"column":7}},"type":"if","locations":[{"start":{"line":87,"column":6},"end":{"line":89,"column":7}},{"start":{},"end":{}}],"line":87},"8":{"loc":{"start":{"line":130,"column":4},"end":{"line":133,"column":5}},"type":"if","locations":[{"start":{"line":130,"column":4},"end":{"line":133,"column":5}},{"start":{},"end":{}}],"line":130}},"s":{"0":5,"1":5,"2":5,"3":5,"4":5,"5":5,"6":5,"7":5,"8":5,"9":3,"10":3,"11":3,"12":2,"13":3,"14":2,"15":1,"16":1,"17":2,"18":5,"19":8,"20":8,"21":8,"22":8,"23":9,"24":1,"25":7,"26":3,"27":7,"28":3,"29":7,"30":2,"31":2,"32":7,"33":2,"34":1,"35":6,"36":5,"37":3,"38":5,"39":3,"40":3,"41":2,"42":1,"43":5,"44":4,"45":4,"46":4,"47":2,"48":2,"49":2,"50":2,"51":1,"52":3,"53":5,"54":2,"55":2,"56":1,"57":1,"58":5},"f":{"0":3,"1":3,"2":8,"3":3,"4":4,"5":2,"6":2},"b":{"0":[2,1],"1":[1,8],"2":[3,4],"3":[3,4],"4":[2,5],"5":[2,5],"6":[7,3],"7":[1,1],"8":[2,2]},"_coverageSchema":"1a1c01bbd47fc00a2c39e90264f33305004495a9","hash":"b575d5f19824c0afaf3b1e5f0bd1901f7ac97b52"}
,"/home/aclark/Documents/git-projects-only/express-jobly/routes/jobs.js": {"path":"/home/aclark/Documents/git-projects-only/express-jobly/routes/jobs.js","statementMap":{"0":{"start":{"line":5,"column":19},"end":{"line":5,"column":40}},"1":{"start":{"line":6,"column":16},"end":{"line":6,"column":34}},"2":{"start":{"line":8,"column":28},"end":{"line":8,"column":54}},"3":{"start":{"line":10,"column":12},"end":{"line":10,"column":36}},"4":{"start":{"line":12,"column":24},"end":{"line":12,"column":56}},"5":{"start":{"line":14,"column":24},"end":{"line":14,"column":60}},"6":{"start":{"line":15,"column":21},"end":{"line":15,"column":54}},"7":{"start":{"line":16,"column":24},"end":{"line":16,"column":60}},"8":{"start":{"line":20,"column":15},"end":{"line":20,"column":35}},"9":{"start":{"line":32,"column":0},"end":{"line":45,"column":3}},"10":{"start":{"line":33,"column":4},"end":{"line":44,"column":5}},"11":{"start":{"line":34,"column":26},"end":{"line":34,"column":69}},"12":{"start":{"line":35,"column":8},"end":{"line":38,"column":9}},"13":{"start":{"line":36,"column":25},"end":{"line":36,"column":59}},"14":{"start":{"line":36,"column":51},"end":{"line":36,"column":58}},"15":{"start":{"line":37,"column":12},"end":{"line":37,"column":44}},"16":{"start":{"line":40,"column":20},"end":{"line":40,"column":46}},"17":{"start":{"line":41,"column":8},"end":{"line":41,"column":45}},"18":{"start":{"line":43,"column":8},"end":{"line":43,"column":25}},"19":{"start":{"line":61,"column":0},"end":{"line":100,"column":3}},"20":{"start":{"line":62,"column":4},"end":{"line":99,"column":5}},"21":{"start":{"line":64,"column":8},"end":{"line":66,"column":9}},"22":{"start":{"line":65,"column":12},"end":{"line":65,"column":55}},"23":{"start":{"line":67,"column":8},"end":{"line":69,"column":9}},"24":{"start":{"line":68,"column":12},"end":{"line":68,"column":65}},"25":{"start":{"line":71,"column":31},"end":{"line":71,"column":75}},"26":{"start":{"line":74,"column":8},"end":{"line":78,"column":9}},"27":{"start":{"line":75,"column":12},"end":{"line":77,"column":13}},"28":{"start":{"line":76,"column":16},"end":{"line":76,"column":68}},"29":{"start":{"line":80,"column":26},"end":{"line":80,"column":73}},"30":{"start":{"line":81,"column":8},"end":{"line":84,"column":9}},"31":{"start":{"line":82,"column":25},"end":{"line":82,"column":59}},"32":{"start":{"line":82,"column":51},"end":{"line":82,"column":58}},"33":{"start":{"line":83,"column":12},"end":{"line":83,"column":44}},"34":{"start":{"line":86,"column":18},"end":{"line":86,"column":27}},"35":{"start":{"line":89,"column":8},"end":{"line":93,"column":9}},"36":{"start":{"line":90,"column":12},"end":{"line":92,"column":13}},"37":{"start":{"line":91,"column":16},"end":{"line":91,"column":68}},"38":{"start":{"line":95,"column":21},"end":{"line":95,"column":41}},"39":{"start":{"line":96,"column":8},"end":{"line":96,"column":34}},"40":{"start":{"line":98,"column":8},"end":{"line":98,"column":25}},"41":{"start":{"line":110,"column":0},"end":{"line":117,"column":3}},"42":{"start":{"line":111,"column":4},"end":{"line":116,"column":5}},"43":{"start":{"line":112,"column":20},"end":{"line":112,"column":48}},"44":{"start":{"line":113,"column":8},"end":{"line":113,"column":33}},"45":{"start":{"line":115,"column":8},"end":{"line":115,"column":25}},"46":{"start":{"line":130,"column":0},"end":{"line":143,"column":3}},"47":{"start":{"line":131,"column":4},"end":{"line":142,"column":5}},"48":{"start":{"line":132,"column":26},"end":{"line":132,"column":72}},"49":{"start":{"line":133,"column":8},"end":{"line":136,"column":9}},"50":{"start":{"line":134,"column":25},"end":{"line":134,"column":59}},"51":{"start":{"line":134,"column":51},"end":{"line":134,"column":58}},"52":{"start":{"line":135,"column":12},"end":{"line":135,"column":44}},"53":{"start":{"line":138,"column":20},"end":{"line":138,"column":61}},"54":{"start":{"line":139,"column":8},"end":{"line":139,"column":33}},"55":{"start":{"line":141,"column":8},"end":{"line":141,"column":25}},"56":{"start":{"line":150,"column":0},"end":{"line":157,"column":3}},"57":{"start":{"line":151,"column":4},"end":{"line":156,"column":5}},"58":{"start":{"line":152,"column":8},"end":{"line":152,"column":40}},"59":{"start":{"line":153,"column":8},"end":{"line":153,"column":52}},"60":{"start":{"line":155,"column":8},"end":{"line":155,"column":25}},"61":{"start":{"line":160,"column":0},"end":{"line":160,"column":24}}},"fnMap":{"0":{"name":"(anonymous_0)","decl":{"start":{"line":32,"column":30},"end":{"line":32,"column":31}},"loc":{"start":{"line":32,"column":62},"end":{"line":45,"column":1}},"line":32},"1":{"name":"(anonymous_1)","decl":{"start":{"line":36,"column":46},"end":{"line":36,"column":47}},"loc":{"start":{"line":36,"column":51},"end":{"line":36,"column":58}},"line":36},"2":{"name":"(anonymous_2)","decl":{"start":{"line":61,"column":16},"end":{"line":61,"column":17}},"loc":{"start":{"line":61,"column":48},"end":{"line":100,"column":1}},"line":61},"3":{"name":"(anonymous_3)","decl":{"start":{"line":82,"column":46},"end":{"line":82,"column":47}},"loc":{"start":{"line":82,"column":51},"end":{"line":82,"column":58}},"line":82},"4":{"name":"(anonymous_4)","decl":{"start":{"line":110,"column":19},"end":{"line":110,"column":20}},"loc":{"start":{"line":110,"column":51},"end":{"line":117,"column":1}},"line":110},"5":{"name":"(anonymous_5)","decl":{"start":{"line":130,"column":34},"end":{"line":130,"column":35}},"loc":{"start":{"line":130,"column":66},"end":{"line":143,"column":1}},"line":130},"6":{"name":"(anonymous_6)","decl":{"start":{"line":134,"column":46},"end":{"line":134,"column":47}},"loc":{"start":{"line":134,"column":51},"end":{"line":134,"column":58}},"line":134},"7":{"name":"(anonymous_7)","decl":{"start":{"line":150,"column":35},"end":{"line":150,"column":36}},"loc":{"start":{"line":150,"column":67},"end":{"line":157,"column":1}},"line":150}},"branchMap":{"0":{"loc":{"start":{"line":35,"column":8},"end":{"line":38,"column":9}},"type":"if","locations":[{"start":{"line":35,"column":8},"end":{"line":38,"column":9}},{"start":{},"end":{}}],"line":35},"1":{"loc":{"start":{"line":64,"column":8},"end":{"line":66,"column":9}},"type":"if","locations":[{"start":{"line":64,"column":8},"end":{"line":66,"column":9}},{"start":{},"end":{}}],"line":64},"2":{"loc":{"start":{"line":67,"column":8},"end":{"line":69,"column":9}},"type":"if","locations":[{"start":{"line":67,"column":8},"end":{"line":69,"column":9}},{"start":{},"end":{}}],"line":67},"3":{"loc":{"start":{"line":75,"column":12},"end":{"line":77,"column":13}},"type":"if","locations":[{"start":{"line":75,"column":12},"end":{"line":77,"column":13}},{"start":{},"end":{}}],"line":75},"4":{"loc":{"start":{"line":81,"column":8},"end":{"line":84,"column":9}},"type":"if","locations":[{"start":{"line":81,"column":8},"end":{"line":84,"column":9}},{"start":{},"end":{}}],"line":81},"5":{"loc":{"start":{"line":90,"column":12},"end":{"line":92,"column":13}},"type":"if","locations":[{"start":{"line":90,"column":12},"end":{"line":92,"column":13}},{"start":{},"end":{}}],"line":90},"6":{"loc":{"start":{"line":133,"column":8},"end":{"line":136,"column":9}},"type":"if","locations":[{"start":{"line":133,"column":8},"end":{"line":136,"column":9}},{"start":{},"end":{}}],"line":133}},"s":{"0":5,"1":5,"2":5,"3":5,"4":5,"5":5,"6":5,"7":5,"8":5,"9":5,"10":3,"11":3,"12":3,"13":2,"14":2,"15":2,"16":1,"17":1,"18":2,"19":5,"20":7,"21":7,"22":2,"23":7,"24":2,"25":7,"26":7,"27":6,"28":1,"29":6,"30":6,"31":0,"32":0,"33":0,"34":6,"35":6,"36":5,"37":0,"38":6,"39":5,"40":2,"41":5,"42":2,"43":2,"44":1,"45":1,"46":5,"47":3,"48":3,"49":3,"50":1,"51":1,"52":1,"53":2,"54":1,"55":2,"56":5,"57":2,"58":2,"59":1,"60":1,"61":5},"f":{"0":3,"1":2,"2":7,"3":0,"4":2,"5":3,"6":1,"7":2},"b":{"0":[2,1],"1":[2,5],"2":[2,5],"3":[1,5],"4":[0,6],"5":[0,5],"6":[1,2]},"_coverageSchema":"1a1c01bbd47fc00a2c39e90264f33305004495a9","hash":"21f6dd643a2f9aed68df70e94a3a37ef2cd314cb"}
,"/home/aclark/Documents/git-projects-only/express-jobly/routes/users.js": {"path":"/home/aclark/Documents/git-projects-only/express-jobly/routes/users.js","statementMap":{"0":{"start":{"line":5,"column":19},"end":{"line":5,"column":40}},"1":{"start":{"line":7,"column":16},"end":{"line":7,"column":34}},"2":{"start":{"line":9,"column":67},"end":{"line":9,"column":99}},"3":{"start":{"line":11,"column":28},"end":{"line":11,"column":54}},"4":{"start":{"line":12,"column":13},"end":{"line":12,"column":38}},"5":{"start":{"line":13,"column":24},"end":{"line":13,"column":52}},"6":{"start":{"line":14,"column":22},"end":{"line":14,"column":56}},"7":{"start":{"line":15,"column":25},"end":{"line":15,"column":62}},"8":{"start":{"line":17,"column":15},"end":{"line":17,"column":31}},"9":{"start":{"line":32,"column":0},"end":{"line":46,"column":3}},"10":{"start":{"line":33,"column":2},"end":{"line":45,"column":3}},"11":{"start":{"line":34,"column":22},"end":{"line":34,"column":66}},"12":{"start":{"line":35,"column":4},"end":{"line":38,"column":5}},"13":{"start":{"line":36,"column":19},"end":{"line":36,"column":53}},"14":{"start":{"line":36,"column":45},"end":{"line":36,"column":52}},"15":{"start":{"line":37,"column":6},"end":{"line":37,"column":38}},"16":{"start":{"line":40,"column":17},"end":{"line":40,"column":46}},"17":{"start":{"line":41,"column":18},"end":{"line":41,"column":35}},"18":{"start":{"line":42,"column":4},"end":{"line":42,"column":49}},"19":{"start":{"line":44,"column":4},"end":{"line":44,"column":21}},"20":{"start":{"line":56,"column":0},"end":{"line":63,"column":3}},"21":{"start":{"line":57,"column":2},"end":{"line":62,"column":3}},"22":{"start":{"line":58,"column":18},"end":{"line":58,"column":38}},"23":{"start":{"line":59,"column":4},"end":{"line":59,"column":31}},"24":{"start":{"line":61,"column":4},"end":{"line":61,"column":21}},"25":{"start":{"line":73,"column":0},"end":{"line":80,"column":3}},"26":{"start":{"line":74,"column":2},"end":{"line":79,"column":3}},"27":{"start":{"line":75,"column":17},"end":{"line":75,"column":52}},"28":{"start":{"line":76,"column":4},"end":{"line":76,"column":30}},"29":{"start":{"line":78,"column":4},"end":{"line":78,"column":21}},"30":{"start":{"line":93,"column":0},"end":{"line":106,"column":3}},"31":{"start":{"line":94,"column":2},"end":{"line":105,"column":3}},"32":{"start":{"line":95,"column":22},"end":{"line":95,"column":69}},"33":{"start":{"line":96,"column":4},"end":{"line":99,"column":5}},"34":{"start":{"line":97,"column":19},"end":{"line":97,"column":53}},"35":{"start":{"line":97,"column":45},"end":{"line":97,"column":52}},"36":{"start":{"line":98,"column":6},"end":{"line":98,"column":38}},"37":{"start":{"line":101,"column":17},"end":{"line":101,"column":65}},"38":{"start":{"line":102,"column":4},"end":{"line":102,"column":30}},"39":{"start":{"line":104,"column":4},"end":{"line":104,"column":21}},"40":{"start":{"line":114,"column":0},"end":{"line":121,"column":3}},"41":{"start":{"line":115,"column":2},"end":{"line":120,"column":3}},"42":{"start":{"line":116,"column":4},"end":{"line":116,"column":43}},"43":{"start":{"line":117,"column":4},"end":{"line":117,"column":54}},"44":{"start":{"line":119,"column":4},"end":{"line":119,"column":21}},"45":{"start":{"line":124,"column":0},"end":{"line":124,"column":24}}},"fnMap":{"0":{"name":"(anonymous_0)","decl":{"start":{"line":32,"column":30},"end":{"line":32,"column":31}},"loc":{"start":{"line":32,"column":62},"end":{"line":46,"column":1}},"line":32},"1":{"name":"(anonymous_1)","decl":{"start":{"line":36,"column":40},"end":{"line":36,"column":41}},"loc":{"start":{"line":36,"column":45},"end":{"line":36,"column":52}},"line":36},"2":{"name":"(anonymous_2)","decl":{"start":{"line":56,"column":29},"end":{"line":56,"column":30}},"loc":{"start":{"line":56,"column":61},"end":{"line":63,"column":1}},"line":56},"3":{"name":"(anonymous_3)","decl":{"start":{"line":73,"column":41},"end":{"line":73,"column":42}},"loc":{"start":{"line":73,"column":73},"end":{"line":80,"column":1}},"line":73},"4":{"name":"(anonymous_4)","decl":{"start":{"line":93,"column":53},"end":{"line":93,"column":54}},"loc":{"start":{"line":93,"column":85},"end":{"line":106,"column":1}},"line":93},"5":{"name":"(anonymous_5)","decl":{"start":{"line":97,"column":40},"end":{"line":97,"column":41}},"loc":{"start":{"line":97,"column":45},"end":{"line":97,"column":52}},"line":97},"6":{"name":"(anonymous_6)","decl":{"start":{"line":114,"column":54},"end":{"line":114,"column":55}},"loc":{"start":{"line":114,"column":86},"end":{"line":121,"column":1}},"line":114}},"branchMap":{"0":{"loc":{"start":{"line":35,"column":4},"end":{"line":38,"column":5}},"type":"if","locations":[{"start":{"line":35,"column":4},"end":{"line":38,"column":5}},{"start":{},"end":{}}],"line":35},"1":{"loc":{"start":{"line":96,"column":4},"end":{"line":99,"column":5}},"type":"if","locations":[{"start":{"line":96,"column":4},"end":{"line":99,"column":5}},{"start":{},"end":{}}],"line":96}},"s":{"0":5,"1":5,"2":5,"3":5,"4":5,"5":5,"6":5,"7":5,"8":5,"9":5,"10":4,"11":4,"12":4,"13":2,"14":5,"15":2,"16":2,"17":2,"18":2,"19":2,"20":5,"21":2,"22":2,"23":1,"24":1,"25":5,"26":2,"27":2,"28":1,"29":1,"30":5,"31":4,"32":4,"33":4,"34":1,"35":1,"36":1,"37":3,"38":2,"39":2,"40":5,"41":2,"42":2,"43":1,"44":1,"45":5},"f":{"0":4,"1":5,"2":2,"3":2,"4":4,"5":1,"6":2},"b":{"0":[2,2],"1":[1,3]},"_coverageSchema":"1a1c01bbd47fc00a2c39e90264f33305004495a9","hash":"5f0fc0216047c29029abbe7429a0476f778c01e8"}
}
