TN:
SF:app.js
FN:31,(anonymous_0)
FN:36,(anonymous_1)
FNF:2
FNH:2
FNDA:2,(anonymous_0)
FNDA:53,(anonymous_1)
DA:5,5
DA:6,5
DA:8,5
DA:10,5
DA:11,5
DA:12,5
DA:13,5
DA:14,5
DA:16,5
DA:18,5
DA:20,5
DA:21,5
DA:22,5
DA:23,5
DA:25,5
DA:26,5
DA:27,5
DA:28,5
DA:31,5
DA:32,2
DA:36,5
DA:37,53
DA:38,53
DA:39,53
DA:41,53
DA:46,5
LF:26
LH:26
BRDA:37,0,0,1
BRDA:37,0,1,52
BRDA:38,1,0,53
BRDA:38,1,1,3
BRF:4
BRH:4
end_of_record
TN:
SF:config.js
FN:13,getDatabaseUri
FNF:1
FNH:1
FNDA:22,getDatabaseUri
DA:5,11
DA:6,11
DA:8,11
DA:10,11
DA:14,22
DA:22,11
DA:24,11
DA:25,11
DA:26,11
DA:27,11
DA:28,11
DA:29,11
DA:31,11
LF:13
LH:13
BRDA:8,0,0,11
BRDA:8,0,1,10
BRDA:10,1,0,11
BRDA:10,1,1,10
BRDA:14,2,0,19
BRDA:14,2,1,3
BRDA:15,3,0,19
BRDA:15,3,1,0
BRDA:16,4,0,3
BRDA:16,4,1,1
BRDA:22,5,0,10
BRDA:22,5,1,1
BRF:12
BRH:11
end_of_record
TN:
SF:db.js
FNF:0
FNH:0
DA:3,8
DA:4,8
DA:8,8
DA:9,0
DA:16,8
DA:21,8
DA:23,8
LF:7
LH:6
BRDA:8,0,0,0
BRDA:8,0,1,8
BRF:2
BRH:1
end_of_record
TN:
SF:expressError.js
FN:8,(anonymous_0)
FN:18,(anonymous_1)
FN:26,(anonymous_2)
FN:34,(anonymous_3)
FN:42,(anonymous_4)
FNF:5
FNH:4
FNDA:71,(anonymous_0)
FNDA:22,(anonymous_1)
FNDA:23,(anonymous_2)
FNDA:26,(anonymous_3)
FNDA:0,(anonymous_4)
DA:9,71
DA:10,71
DA:11,71
DA:19,22
DA:27,23
DA:35,26
DA:43,0
DA:47,10
LF:8
LH:7
BRDA:18,0,0,2
BRDA:26,1,0,7
BRDA:34,2,0,0
BRDA:42,3,0,0
BRF:4
BRH:2
end_of_record
TN:
SF:helpers/sql.js
FN:29,sqlForPartialUpdate
FN:34,(anonymous_1)
FNF:2
FNH:2
FNDA:22,sqlForPartialUpdate
FNDA:33,(anonymous_1)
DA:1,9
DA:30,22
DA:31,22
DA:34,18
DA:35,33
DA:38,18
DA:44,9
LF:7
LH:7
BRDA:31,0,0,4
BRDA:31,0,1,18
BRDA:35,1,0,33
BRDA:35,1,1,13
BRF:4
BRH:4
end_of_record
TN:
SF:helpers/tokens.js
FN:6,createToken
FNF:1
FNH:1
FNDA:15,createToken
DA:1,6
DA:2,6
DA:7,15
DA:10,15
DA:15,15
DA:18,6
LF:6
LH:6
BRDA:12,0,0,15
BRDA:12,0,1,9
BRF:2
BRH:2
end_of_record
TN:
SF:middleware/auth.js
FN:18,authenticateJWT
FN:36,ensureLoggedIn
FN:49,ensureAdmin
FN:60,ensureCorrectUserOrAdmin
FNF:4
FNH:4
FNDA:86,authenticateJWT
FNDA:5,ensureLoggedIn
FNDA:35,ensureAdmin
FNDA:15,ensureCorrectUserOrAdmin
DA:5,6
DA:6,6
DA:7,6
DA:19,86
DA:20,86
DA:21,86
DA:22,47
DA:23,47
DA:25,85
DA:27,1
DA:37,5
DA:38,5
DA:39,3
DA:41,2
DA:50,35
DA:51,35
DA:52,12
DA:54,23
DA:56,12
DA:61,15
DA:62,15
DA:63,15
DA:64,5
DA:66,10
DA:68,5
DA:72,6
LF:26
LH:26
BRDA:20,0,0,86
BRDA:20,0,1,85
BRDA:21,1,0,47
BRDA:21,1,1,39
BRDA:38,2,0,2
BRDA:38,2,1,3
BRDA:51,3,0,12
BRDA:51,3,1,23
BRDA:51,4,0,35
BRDA:51,4,1,29
BRDA:63,5,0,5
BRDA:63,5,1,10
BRDA:63,6,0,15
BRDA:63,6,1,12
BRDA:63,6,2,5
BRF:15
BRH:15
end_of_record
TN:
SF:models/_testCommon.js
FN:6,commonBeforeAll
FN:40,commonBeforeEach
FN:44,commonAfterEach
FN:48,commonAfterAll
FNF:4
FNH:4
FNDA:3,commonBeforeAll
FNDA:49,commonBeforeEach
FNDA:49,commonAfterEach
FNDA:3,commonAfterAll
DA:1,3
DA:3,3
DA:4,3
DA:7,3
DA:9,3
DA:11,3
DA:13,3
DA:19,3
DA:33,3
DA:41,49
DA:45,49
DA:49,3
DA:53,3
LF:13
LH:13
BRF:0
BRH:0
end_of_record
TN:
SF:models/company.js
FN:19,(anonymous_0)
FN:61,(anonymous_1)
FN:119,(anonymous_2)
FN:157,(anonymous_3)
FN:187,(anonymous_4)
FNF:5
FNH:5
FNDA:16,(anonymous_0)
FNDA:12,(anonymous_1)
FNDA:5,(anonymous_2)
FNDA:6,(anonymous_3)
FNDA:4,(anonymous_4)
DA:3,6
DA:4,6
DA:5,6
DA:20,16
DA:26,16
DA:27,1
DA:29,15
DA:42,15
DA:44,15
DA:63,12
DA:71,12
DA:74,12
DA:76,12
DA:79,12
DA:80,5
DA:83,5
DA:87,12
DA:88,4
DA:89,4
DA:93,12
DA:94,5
DA:95,5
DA:99,12
DA:100,9
DA:104,12
DA:107,12
DA:108,11
DA:120,5
DA:130,5
DA:132,5
DA:134,3
DA:141,3
DA:142,3
DA:158,6
DA:164,5
DA:166,5
DA:174,5
DA:175,5
DA:177,5
DA:179,3
DA:188,4
DA:194,4
DA:196,4
DA:201,6
LF:44
LH:44
BRDA:26,0,0,1
BRDA:26,0,1,15
BRDA:61,1,0,1
BRDA:79,2,0,5
BRDA:79,2,1,7
BRDA:87,3,0,4
BRDA:87,3,1,8
BRDA:93,4,0,5
BRDA:93,4,1,7
BRDA:99,5,0,9
BRDA:99,5,1,3
BRDA:132,6,0,2
BRDA:132,6,1,3
BRDA:177,7,0,2
BRDA:177,7,1,3
BRDA:196,8,0,2
BRDA:196,8,1,2
BRF:17
BRH:17
end_of_record
TN:
SF:models/job.js
FN:17,(anonymous_0)
FN:37,(anonymous_1)
FN:89,(anonymous_2)
FN:110,(anonymous_3)
FN:144,(anonymous_4)
FNF:5
FNH:5
FNDA:13,(anonymous_0)
FNDA:11,(anonymous_1)
FNDA:4,(anonymous_2)
FNDA:5,(anonymous_3)
FNDA:4,(anonymous_4)
DA:3,7
DA:4,7
DA:6,7
DA:18,13
DA:24,13
DA:39,11
DA:47,11
DA:50,11
DA:52,11
DA:55,11
DA:56,3
DA:59,3
DA:63,11
DA:64,3
DA:65,3
DA:68,11
DA:69,3
DA:73,11
DA:74,8
DA:78,11
DA:81,11
DA:82,10
DA:90,4
DA:92,3
DA:97,3
DA:99,3
DA:101,2
DA:111,5
DA:119,4
DA:122,4
DA:131,4
DA:132,4
DA:134,4
DA:136,2
DA:145,4
DA:147,3
DA:154,3
DA:156,3
DA:162,7
LF:39
LH:39
BRDA:37,0,0,1
BRDA:55,1,0,3
BRDA:55,1,1,8
BRDA:63,2,0,3
BRDA:63,2,1,8
BRDA:68,3,0,3
BRDA:68,3,1,8
BRDA:73,4,0,8
BRDA:73,4,1,3
BRDA:90,5,0,1
BRDA:90,5,1,3
BRDA:99,6,0,1
BRDA:99,6,1,2
BRDA:134,7,0,2
BRDA:134,7,1,2
BRDA:145,8,0,1
BRDA:145,8,1,3
BRDA:156,9,0,1
BRDA:156,9,1,2
BRF:19
BRH:19
end_of_record
TN:
SF:models/user.js
FN:24,(anonymous_0)
FN:59,(anonymous_1)
FN:104,(anonymous_2)
FN:126,(anonymous_3)
FN:147,(anonymous_4)
FN:169,(anonymous_5)
FN:200,(anonymous_6)
FN:228,(anonymous_7)
FNF:8
FNH:8
FNDA:7,(anonymous_0)
FNDA:23,(anonymous_1)
FNDA:3,(anonymous_2)
FNDA:5,(anonymous_3)
FNDA:1,(anonymous_4)
FNDA:7,(anonymous_5)
FNDA:10,(anonymous_6)
FNDA:4,(anonymous_7)
DA:3,6
DA:4,6
DA:5,6
DA:10,6
DA:12,6
DA:26,7
DA:38,7
DA:40,7
DA:42,4
DA:43,4
DA:44,3
DA:45,3
DA:49,4
DA:61,23
DA:68,23
DA:69,1
DA:72,22
DA:74,22
DA:94,22
DA:96,22
DA:105,3
DA:115,2
DA:127,5
DA:138,5
DA:140,5
DA:143,3
DA:147,3
DA:149,3
DA:170,7
DA:171,2
DA:174,7
DA:181,6
DA:183,6
DA:191,6
DA:192,6
DA:194,6
DA:196,4
DA:197,4
DA:202,10
DA:204,10
DA:207,8
DA:209,8
DA:212,6
DA:213,6
DA:218,1
DA:219,1
DA:221,0
DA:223,5
DA:229,4
DA:236,4
DA:238,4
DA:243,6
LF:52
LH:51
BRDA:40,0,0,4
BRDA:40,0,1,3
BRDA:43,1,0,3
BRDA:43,1,1,1
BRDA:68,2,0,1
BRDA:68,2,1,22
BRDA:140,3,0,2
BRDA:140,3,1,3
BRDA:170,4,0,2
BRDA:170,4,1,5
BRDA:194,5,0,2
BRDA:194,5,1,4
BRDA:204,6,0,2
BRDA:204,6,1,8
BRDA:209,7,0,2
BRDA:209,7,1,6
BRDA:218,8,0,1
BRDA:218,8,1,0
BRDA:238,9,0,2
BRDA:238,9,1,2
BRF:20
BRH:19
end_of_record
TN:
SF:routes/_testCommon.js
FN:13,commonBeforeAll
FN:95,commonBeforeEach
FN:99,commonAfterEach
FN:103,commonAfterAll
FN:113,(anonymous_4)
FN:114,(anonymous_5)
FN:115,(anonymous_6)
FNF:7
FNH:7
FNDA:4,commonBeforeAll
FNDA:81,commonBeforeEach
FNDA:81,commonAfterEach
FNDA:4,commonAfterAll
FNDA:15,(anonymous_4)
FNDA:30,(anonymous_5)
FNDA:11,(anonymous_6)
DA:3,4
DA:4,4
DA:5,4
DA:6,4
DA:7,4
DA:16,4
DA:18,4
DA:19,4
DA:22,4
DA:30,4
DA:38,4
DA:48,4
DA:54,4
DA:57,4
DA:65,4
DA:73,4
DA:81,4
DA:91,4
DA:92,4
DA:96,81
DA:100,81
DA:104,4
DA:108,4
DA:113,15
DA:114,30
DA:115,11
LF:26
LH:26
BRF:0
BRH:0
end_of_record
TN:
SF:routes/auth.js
FN:22,(anonymous_0)
FN:26,(anonymous_1)
FN:49,(anonymous_2)
FN:53,(anonymous_3)
FNF:4
FNH:4
FNDA:5,(anonymous_0)
FNDA:2,(anonymous_1)
FNDA:3,(anonymous_2)
FNDA:5,(anonymous_3)
DA:5,5
DA:7,5
DA:8,5
DA:9,5
DA:10,5
DA:11,5
DA:12,5
DA:13,5
DA:22,5
DA:23,5
DA:24,5
DA:25,5
DA:26,2
DA:27,2
DA:30,3
DA:31,3
DA:32,1
DA:33,1
DA:35,4
DA:49,5
DA:50,3
DA:51,3
DA:52,3
DA:53,5
DA:54,2
DA:57,1
DA:58,1
DA:59,1
DA:61,2
DA:66,5
LF:30
LH:30
BRDA:25,0,0,2
BRDA:25,0,1,3
BRDA:52,1,0,2
BRDA:52,1,1,1
BRF:4
BRH:4
end_of_record
TN:
SF:routes/companies.js
FN:29,(anonymous_0)
FN:33,(anonymous_1)
FN:62,(anonymous_2)
FN:107,(anonymous_3)
FN:127,(anonymous_4)
FN:131,(anonymous_5)
FN:147,(anonymous_6)
FNF:7
FNH:7
FNDA:3,(anonymous_0)
FNDA:3,(anonymous_1)
FNDA:8,(anonymous_2)
FNDA:3,(anonymous_3)
FNDA:4,(anonymous_4)
FNDA:2,(anonymous_5)
FNDA:2,(anonymous_6)
DA:5,5
DA:6,5
DA:8,5
DA:10,5
DA:12,5
DA:14,5
DA:15,5
DA:17,5
DA:29,5
DA:30,3
DA:31,3
DA:32,3
DA:33,3
DA:34,2
DA:37,1
DA:38,1
DA:40,2
DA:62,5
DA:63,8
DA:64,8
DA:67,8
DA:70,8
DA:71,9
DA:72,1
DA:77,7
DA:78,7
DA:81,7
DA:82,2
DA:83,2
DA:86,7
DA:87,2
DA:88,1
DA:92,6
DA:93,5
DA:95,3
DA:107,5
DA:108,3
DA:109,3
DA:110,2
DA:112,1
DA:127,5
DA:128,4
DA:129,4
DA:130,4
DA:131,2
DA:132,2
DA:135,2
DA:136,1
DA:138,3
DA:147,5
DA:148,2
DA:149,2
DA:150,1
DA:152,1
DA:157,5
LF:55
LH:55
BRDA:32,0,0,2
BRDA:32,0,1,1
BRDA:71,1,0,1
BRDA:71,1,1,8
BRDA:77,2,0,3
BRDA:77,2,1,4
BRDA:78,3,0,3
BRDA:78,3,1,4
BRDA:81,4,0,2
BRDA:81,4,1,5
BRDA:86,5,0,2
BRDA:86,5,1,5
BRDA:86,6,0,7
BRDA:86,6,1,3
BRDA:87,7,0,1
BRDA:87,7,1,1
BRDA:130,8,0,2
BRDA:130,8,1,2
BRF:18
BRH:18
end_of_record
TN:
SF:routes/jobs.js
FN:32,(anonymous_0)
FN:36,(anonymous_1)
FN:61,(anonymous_2)
FN:82,(anonymous_3)
FN:110,(anonymous_4)
FN:130,(anonymous_5)
FN:134,(anonymous_6)
FN:150,(anonymous_7)
FNF:8
FNH:7
FNDA:3,(anonymous_0)
FNDA:2,(anonymous_1)
FNDA:7,(anonymous_2)
FNDA:0,(anonymous_3)
FNDA:2,(anonymous_4)
FNDA:3,(anonymous_5)
FNDA:1,(anonymous_6)
FNDA:2,(anonymous_7)
DA:5,5
DA:6,5
DA:8,5
DA:10,5
DA:12,5
DA:14,5
DA:15,5
DA:16,5
DA:20,5
DA:32,5
DA:33,3
DA:34,3
DA:35,3
DA:36,2
DA:37,2
DA:40,1
DA:41,1
DA:43,2
DA:61,5
DA:62,7
DA:64,7
DA:65,2
DA:67,7
DA:68,2
DA:71,7
DA:74,7
DA:75,6
DA:76,1
DA:80,6
DA:81,6
DA:82,0
DA:83,0
DA:86,6
DA:89,6
DA:90,5
DA:91,0
DA:95,6
DA:96,5
DA:98,2
DA:110,5
DA:111,2
DA:112,2
DA:113,1
DA:115,1
DA:130,5
DA:131,3
DA:132,3
DA:133,3
DA:134,1
DA:135,1
DA:138,2
DA:139,1
DA:141,2
DA:150,5
DA:151,2
DA:152,2
DA:153,1
DA:155,1
DA:160,5
LF:59
LH:56
BRDA:35,0,0,2
BRDA:35,0,1,1
BRDA:64,1,0,2
BRDA:64,1,1,5
BRDA:67,2,0,2
BRDA:67,2,1,5
BRDA:75,3,0,1
BRDA:75,3,1,5
BRDA:81,4,0,0
BRDA:81,4,1,6
BRDA:90,5,0,0
BRDA:90,5,1,5
BRDA:133,6,0,1
BRDA:133,6,1,2
BRF:14
BRH:12
end_of_record
TN:
SF:routes/users.js
FN:32,(anonymous_0)
FN:36,(anonymous_1)
FN:48,(anonymous_2)
FN:67,(anonymous_3)
FN:84,(anonymous_4)
FN:104,(anonymous_5)
FN:108,(anonymous_6)
FN:125,(anonymous_7)
FNF:8
FNH:8
FNDA:4,(anonymous_0)
FNDA:5,(anonymous_1)
FNDA:4,(anonymous_2)
FNDA:2,(anonymous_3)
FNDA:2,(anonymous_4)
FNDA:4,(anonymous_5)
FNDA:1,(anonymous_6)
FNDA:2,(anonymous_7)
DA:5,5
DA:7,5
DA:9,5
DA:11,5
DA:12,5
DA:13,5
DA:14,5
DA:15,5
DA:17,5
DA:32,5
DA:33,4
DA:34,4
DA:35,4
DA:36,5
DA:37,2
DA:40,2
DA:41,2
DA:42,2
DA:44,2
DA:48,5
DA:49,4
DA:50,4
DA:51,4
DA:52,4
DA:53,2
DA:55,2
DA:67,5
DA:68,2
DA:69,2
DA:70,1
DA:72,1
DA:84,5
DA:85,2
DA:86,2
DA:87,1
DA:89,1
DA:104,5
DA:105,4
DA:106,4
DA:107,4
DA:108,1
DA:109,1
DA:112,3
DA:113,2
DA:115,2
DA:125,5
DA:126,2
DA:127,2
DA:128,1
DA:130,1
DA:135,5
LF:51
LH:51
BRDA:35,0,0,2
BRDA:35,0,1,2
BRDA:107,1,0,1
BRDA:107,1,1,3
BRF:4
BRH:4
end_of_record
