TN:
SF:app.js
FN:31,(anonymous_0)
FN:36,(anonymous_1)
FNF:2
FNH:2
FNDA:2,(anonymous_0)
FNDA:49,(anonymous_1)
DA:5,5
DA:6,5
DA:8,5
DA:10,5
DA:11,5
DA:12,5
DA:13,5
DA:14,5
DA:16,5
DA:18,5
DA:20,5
DA:21,5
DA:22,5
DA:23,5
DA:25,5
DA:26,5
DA:27,5
DA:28,5
DA:31,5
DA:32,2
DA:36,5
DA:37,49
DA:38,49
DA:39,49
DA:41,49
DA:46,5
LF:26
LH:26
BRDA:37,0,0,1
BRDA:37,0,1,48
BRDA:38,1,0,49
BRDA:38,1,1,3
BRF:4
BRH:4
end_of_record
TN:
SF:config.js
FN:13,getDatabaseUri
FNF:1
FNH:1
FNDA:22,getDatabaseUri
DA:5,11
DA:6,11
DA:8,11
DA:10,11
DA:14,22
DA:22,11
DA:24,11
DA:25,11
DA:26,11
DA:27,11
DA:28,11
DA:29,11
DA:31,11
LF:13
LH:13
BRDA:8,0,0,11
BRDA:8,0,1,10
BRDA:10,1,0,11
BRDA:10,1,1,10
BRDA:14,2,0,19
BRDA:14,2,1,3
BRDA:15,3,0,19
BRDA:15,3,1,0
BRDA:16,4,0,3
BRDA:16,4,1,1
BRDA:22,5,0,10
BRDA:22,5,1,1
BRF:12
BRH:11
end_of_record
TN:
SF:db.js
FNF:0
FNH:0
DA:3,8
DA:4,8
DA:8,8
DA:9,0
DA:16,8
DA:21,8
DA:23,8
LF:7
LH:6
BRDA:8,0,0,0
BRDA:8,0,1,8
BRF:2
BRH:1
end_of_record
TN:
SF:expressError.js
FN:8,(anonymous_0)
FN:18,(anonymous_1)
FN:26,(anonymous_2)
FN:34,(anonymous_3)
FN:42,(anonymous_4)
FNF:5
FNH:4
FNDA:64,(anonymous_0)
FNDA:18,(anonymous_1)
FNDA:21,(anonymous_2)
FNDA:25,(anonymous_3)
FNDA:0,(anonymous_4)
DA:9,64
DA:10,64
DA:11,64
DA:19,18
DA:27,21
DA:35,25
DA:43,0
DA:47,10
LF:8
LH:7
BRDA:18,0,0,2
BRDA:26,1,0,5
BRDA:34,2,0,0
BRDA:42,3,0,0
BRF:4
BRH:2
end_of_record
TN:
SF:helpers/sql.js
FN:29,sqlForPartialUpdate
FN:34,(anonymous_1)
FNF:2
FNH:2
FNDA:22,sqlForPartialUpdate
FNDA:33,(anonymous_1)
DA:1,9
DA:30,22
DA:31,22
DA:34,18
DA:35,33
DA:38,18
DA:44,9
LF:7
LH:7
BRDA:31,0,0,4
BRDA:31,0,1,18
BRDA:35,1,0,33
BRDA:35,1,1,13
BRF:4
BRH:4
end_of_record
TN:
SF:helpers/tokens.js
FN:6,createToken
FNF:1
FNH:1
FNDA:15,createToken
DA:1,6
DA:2,6
DA:7,15
DA:10,15
DA:15,15
DA:18,6
LF:6
LH:6
BRDA:12,0,0,15
BRDA:12,0,1,9
BRF:2
BRH:2
end_of_record
TN:
SF:middleware/auth.js
FN:18,authenticateJWT
FN:36,ensureLoggedIn
FN:49,ensureAdmin
FN:60,ensureCorrectUserOrAdmin
FNF:4
FNH:4
FNDA:80,authenticateJWT
FNDA:5,ensureLoggedIn
FNDA:35,ensureAdmin
FNDA:9,ensureCorrectUserOrAdmin
DA:5,6
DA:6,6
DA:7,6
DA:19,80
DA:20,80
DA:21,80
DA:22,42
DA:23,42
DA:25,79
DA:27,1
DA:37,5
DA:38,5
DA:39,3
DA:41,2
DA:50,35
DA:51,35
DA:52,12
DA:54,23
DA:56,12
DA:61,9
DA:62,9
DA:63,9
DA:64,3
DA:66,6
DA:68,3
DA:72,6
LF:26
LH:26
BRDA:20,0,0,80
BRDA:20,0,1,79
BRDA:21,1,0,42
BRDA:21,1,1,38
BRDA:38,2,0,2
BRDA:38,2,1,3
BRDA:51,3,0,12
BRDA:51,3,1,23
BRDA:51,4,0,35
BRDA:51,4,1,29
BRDA:63,5,0,3
BRDA:63,5,1,6
BRDA:63,6,0,9
BRDA:63,6,1,7
BRDA:63,6,2,3
BRF:15
BRH:15
end_of_record
TN:
SF:models/_testCommon.js
FN:6,commonBeforeAll
FN:40,commonBeforeEach
FN:44,commonAfterEach
FN:48,commonAfterAll
FNF:4
FNH:4
FNDA:3,commonBeforeAll
FNDA:44,commonBeforeEach
FNDA:44,commonAfterEach
FNDA:3,commonAfterAll
DA:1,3
DA:3,3
DA:4,3
DA:7,3
DA:9,3
DA:11,3
DA:13,3
DA:19,3
DA:33,3
DA:41,44
DA:45,44
DA:49,3
DA:53,3
LF:13
LH:13
BRF:0
BRH:0
end_of_record
TN:
SF:models/company.js
FN:19,(anonymous_0)
FN:61,(anonymous_1)
FN:119,(anonymous_2)
FN:149,(anonymous_3)
FN:179,(anonymous_4)
FNF:5
FNH:5
FNDA:16,(anonymous_0)
FNDA:12,(anonymous_1)
FNDA:5,(anonymous_2)
FNDA:6,(anonymous_3)
FNDA:4,(anonymous_4)
DA:3,6
DA:4,6
DA:5,6
DA:20,16
DA:26,16
DA:27,1
DA:29,15
DA:42,15
DA:44,15
DA:63,12
DA:71,12
DA:74,12
DA:76,12
DA:79,12
DA:80,5
DA:83,5
DA:87,12
DA:88,4
DA:89,4
DA:93,12
DA:94,5
DA:95,5
DA:99,12
DA:100,9
DA:104,12
DA:107,12
DA:108,11
DA:120,5
DA:130,5
DA:132,5
DA:134,3
DA:150,6
DA:156,5
DA:158,5
DA:166,5
DA:167,5
DA:169,5
DA:171,3
DA:180,4
DA:186,4
DA:188,4
DA:193,6
LF:42
LH:42
BRDA:26,0,0,1
BRDA:26,0,1,15
BRDA:61,1,0,1
BRDA:79,2,0,5
BRDA:79,2,1,7
BRDA:87,3,0,4
BRDA:87,3,1,8
BRDA:93,4,0,5
BRDA:93,4,1,7
BRDA:99,5,0,9
BRDA:99,5,1,3
BRDA:132,6,0,2
BRDA:132,6,1,3
BRDA:169,7,0,2
BRDA:169,7,1,3
BRDA:188,8,0,2
BRDA:188,8,1,2
BRF:17
BRH:17
end_of_record
TN:
SF:models/job.js
FN:17,(anonymous_0)
FN:38,(anonymous_1)
FN:90,(anonymous_2)
FN:111,(anonymous_3)
FN:145,(anonymous_4)
FNF:5
FNH:5
FNDA:9,(anonymous_0)
FNDA:11,(anonymous_1)
FNDA:4,(anonymous_2)
FNDA:5,(anonymous_3)
FNDA:4,(anonymous_4)
DA:3,6
DA:4,6
DA:6,6
DA:18,9
DA:24,9
DA:25,9
DA:40,11
DA:48,11
DA:51,11
DA:53,11
DA:56,11
DA:57,3
DA:60,3
DA:64,11
DA:65,3
DA:66,3
DA:69,11
DA:70,3
DA:74,11
DA:75,8
DA:79,11
DA:82,11
DA:83,10
DA:91,4
DA:93,3
DA:98,3
DA:100,3
DA:102,2
DA:112,5
DA:120,4
DA:123,4
DA:132,4
DA:133,4
DA:135,4
DA:137,2
DA:146,4
DA:148,3
DA:155,3
DA:157,3
DA:159,2
DA:165,6
LF:41
LH:41
BRDA:38,0,0,1
BRDA:56,1,0,3
BRDA:56,1,1,8
BRDA:64,2,0,3
BRDA:64,2,1,8
BRDA:69,3,0,3
BRDA:69,3,1,8
BRDA:74,4,0,8
BRDA:74,4,1,3
BRDA:91,5,0,1
BRDA:91,5,1,3
BRDA:100,6,0,1
BRDA:100,6,1,2
BRDA:135,7,0,2
BRDA:135,7,1,2
BRDA:146,8,0,1
BRDA:146,8,1,3
BRDA:157,9,0,1
BRDA:157,9,1,2
BRF:19
BRH:19
end_of_record
TN:
SF:models/user.js
FN:24,(anonymous_0)
FN:59,(anonymous_1)
FN:104,(anonymous_2)
FN:126,(anonymous_3)
FN:162,(anonymous_4)
FN:195,(anonymous_5)
FNF:6
FNH:6
FNDA:7,(anonymous_0)
FNDA:23,(anonymous_1)
FNDA:3,(anonymous_2)
FNDA:4,(anonymous_3)
FNDA:7,(anonymous_4)
FNDA:4,(anonymous_5)
DA:3,6
DA:4,6
DA:5,6
DA:10,6
DA:12,6
DA:26,7
DA:38,7
DA:40,7
DA:42,4
DA:43,4
DA:44,3
DA:45,3
DA:49,4
DA:61,23
DA:68,23
DA:69,1
DA:72,22
DA:74,22
DA:94,22
DA:96,22
DA:105,3
DA:115,2
DA:127,4
DA:138,4
DA:140,4
DA:142,2
DA:163,7
DA:164,2
DA:167,7
DA:174,6
DA:176,6
DA:184,6
DA:185,6
DA:187,6
DA:189,4
DA:190,4
DA:196,4
DA:203,4
DA:205,4
DA:210,6
LF:40
LH:40
BRDA:40,0,0,4
BRDA:40,0,1,3
BRDA:43,1,0,3
BRDA:43,1,1,1
BRDA:68,2,0,1
BRDA:68,2,1,22
BRDA:140,3,0,2
BRDA:140,3,1,2
BRDA:163,4,0,2
BRDA:163,4,1,5
BRDA:187,5,0,2
BRDA:187,5,1,4
BRDA:205,6,0,2
BRDA:205,6,1,2
BRF:14
BRH:14
end_of_record
TN:
SF:routes/_testCommon.js
FN:13,commonBeforeAll
FN:95,commonBeforeEach
FN:99,commonAfterEach
FN:103,commonAfterAll
FN:113,(anonymous_4)
FN:114,(anonymous_5)
FN:115,(anonymous_6)
FNF:7
FNH:7
FNDA:4,commonBeforeAll
FNDA:75,commonBeforeEach
FNDA:75,commonAfterEach
FNDA:4,commonAfterAll
FNDA:13,(anonymous_4)
FNDA:27,(anonymous_5)
FNDA:9,(anonymous_6)
DA:3,4
DA:4,4
DA:5,4
DA:6,4
DA:7,4
DA:16,4
DA:18,4
DA:19,4
DA:22,4
DA:30,4
DA:38,4
DA:48,4
DA:54,4
DA:57,4
DA:65,4
DA:73,4
DA:81,4
DA:91,4
DA:92,4
DA:96,75
DA:100,75
DA:104,4
DA:108,4
DA:113,13
DA:114,27
DA:115,9
LF:26
LH:26
BRF:0
BRH:0
end_of_record
TN:
SF:routes/auth.js
FN:22,(anonymous_0)
FN:26,(anonymous_1)
FN:49,(anonymous_2)
FN:53,(anonymous_3)
FNF:4
FNH:4
FNDA:5,(anonymous_0)
FNDA:2,(anonymous_1)
FNDA:3,(anonymous_2)
FNDA:5,(anonymous_3)
DA:5,5
DA:7,5
DA:8,5
DA:9,5
DA:10,5
DA:11,5
DA:12,5
DA:13,5
DA:22,5
DA:23,5
DA:24,5
DA:25,5
DA:26,2
DA:27,2
DA:30,3
DA:31,3
DA:32,1
DA:33,1
DA:35,4
DA:49,5
DA:50,3
DA:51,3
DA:52,3
DA:53,5
DA:54,2
DA:57,1
DA:58,1
DA:59,1
DA:61,2
DA:66,5
LF:30
LH:30
BRDA:25,0,0,2
BRDA:25,0,1,3
BRDA:52,1,0,2
BRDA:52,1,1,1
BRF:4
BRH:4
end_of_record
TN:
SF:routes/companies.js
FN:29,(anonymous_0)
FN:33,(anonymous_1)
FN:62,(anonymous_2)
FN:107,(anonymous_3)
FN:127,(anonymous_4)
FN:131,(anonymous_5)
FN:147,(anonymous_6)
FNF:7
FNH:7
FNDA:3,(anonymous_0)
FNDA:3,(anonymous_1)
FNDA:8,(anonymous_2)
FNDA:3,(anonymous_3)
FNDA:4,(anonymous_4)
FNDA:2,(anonymous_5)
FNDA:2,(anonymous_6)
DA:5,5
DA:6,5
DA:8,5
DA:10,5
DA:12,5
DA:14,5
DA:15,5
DA:17,5
DA:29,5
DA:30,3
DA:31,3
DA:32,3
DA:33,3
DA:34,2
DA:37,1
DA:38,1
DA:40,2
DA:62,5
DA:63,8
DA:64,8
DA:67,8
DA:70,8
DA:71,9
DA:72,1
DA:77,7
DA:78,7
DA:81,7
DA:82,2
DA:83,2
DA:86,7
DA:87,2
DA:88,1
DA:92,6
DA:93,5
DA:95,3
DA:107,5
DA:108,3
DA:109,3
DA:110,2
DA:112,1
DA:127,5
DA:128,4
DA:129,4
DA:130,4
DA:131,2
DA:132,2
DA:135,2
DA:136,1
DA:138,3
DA:147,5
DA:148,2
DA:149,2
DA:150,1
DA:152,1
DA:157,5
LF:55
LH:55
BRDA:32,0,0,2
BRDA:32,0,1,1
BRDA:71,1,0,1
BRDA:71,1,1,8
BRDA:77,2,0,3
BRDA:77,2,1,4
BRDA:78,3,0,3
BRDA:78,3,1,4
BRDA:81,4,0,2
BRDA:81,4,1,5
BRDA:86,5,0,2
BRDA:86,5,1,5
BRDA:86,6,0,7
BRDA:86,6,1,3
BRDA:87,7,0,1
BRDA:87,7,1,1
BRDA:130,8,0,2
BRDA:130,8,1,2
BRF:18
BRH:18
end_of_record
TN:
SF:routes/jobs.js
FN:32,(anonymous_0)
FN:36,(anonymous_1)
FN:61,(anonymous_2)
FN:82,(anonymous_3)
FN:110,(anonymous_4)
FN:130,(anonymous_5)
FN:134,(anonymous_6)
FN:150,(anonymous_7)
FNF:8
FNH:7
FNDA:3,(anonymous_0)
FNDA:2,(anonymous_1)
FNDA:7,(anonymous_2)
FNDA:0,(anonymous_3)
FNDA:2,(anonymous_4)
FNDA:3,(anonymous_5)
FNDA:1,(anonymous_6)
FNDA:2,(anonymous_7)
DA:5,5
DA:6,5
DA:8,5
DA:10,5
DA:12,5
DA:14,5
DA:15,5
DA:16,5
DA:20,5
DA:32,5
DA:33,3
DA:34,3
DA:35,3
DA:36,2
DA:37,2
DA:40,1
DA:41,1
DA:43,2
DA:61,5
DA:62,7
DA:64,7
DA:65,2
DA:67,7
DA:68,2
DA:71,7
DA:74,7
DA:75,6
DA:76,1
DA:80,6
DA:81,6
DA:82,0
DA:83,0
DA:86,6
DA:89,6
DA:90,5
DA:91,0
DA:95,6
DA:96,5
DA:98,2
DA:110,5
DA:111,2
DA:112,2
DA:113,1
DA:115,1
DA:130,5
DA:131,3
DA:132,3
DA:133,3
DA:134,1
DA:135,1
DA:138,2
DA:139,1
DA:141,2
DA:150,5
DA:151,2
DA:152,2
DA:153,1
DA:155,1
DA:160,5
LF:59
LH:56
BRDA:35,0,0,2
BRDA:35,0,1,1
BRDA:64,1,0,2
BRDA:64,1,1,5
BRDA:67,2,0,2
BRDA:67,2,1,5
BRDA:75,3,0,1
BRDA:75,3,1,5
BRDA:81,4,0,0
BRDA:81,4,1,6
BRDA:90,5,0,0
BRDA:90,5,1,5
BRDA:133,6,0,1
BRDA:133,6,1,2
BRF:14
BRH:12
end_of_record
TN:
SF:routes/users.js
FN:32,(anonymous_0)
FN:36,(anonymous_1)
FN:56,(anonymous_2)
FN:73,(anonymous_3)
FN:93,(anonymous_4)
FN:97,(anonymous_5)
FN:114,(anonymous_6)
FNF:7
FNH:7
FNDA:4,(anonymous_0)
FNDA:5,(anonymous_1)
FNDA:2,(anonymous_2)
FNDA:2,(anonymous_3)
FNDA:4,(anonymous_4)
FNDA:1,(anonymous_5)
FNDA:2,(anonymous_6)
DA:5,5
DA:7,5
DA:9,5
DA:11,5
DA:12,5
DA:13,5
DA:14,5
DA:15,5
DA:17,5
DA:32,5
DA:33,4
DA:34,4
DA:35,4
DA:36,5
DA:37,2
DA:40,2
DA:41,2
DA:42,2
DA:44,2
DA:56,5
DA:57,2
DA:58,2
DA:59,1
DA:61,1
DA:73,5
DA:74,2
DA:75,2
DA:76,1
DA:78,1
DA:93,5
DA:94,4
DA:95,4
DA:96,4
DA:97,1
DA:98,1
DA:101,3
DA:102,2
DA:104,2
DA:114,5
DA:115,2
DA:116,2
DA:117,1
DA:119,1
DA:124,5
LF:44
LH:44
BRDA:35,0,0,2
BRDA:35,0,1,2
BRDA:96,1,0,1
BRDA:96,1,1,3
BRF:4
BRH:4
end_of_record
